#-----------------------------------------------------------
# Vivado v2024.1.2 (64-bit)
# SW Build 5164865 on Thu Sep  5 14:37:11 MDT 2024
# IP Build 5164407 on Fri Sep  6 08:18:11 MDT 2024
# SharedData Build 5164864 on Thu Sep 05 13:09:09 MDT 2024
# Start of session at: Fri Nov 29 10:19:31 2024
# Process ID: 11532
# Current directory: C:/Users/axelo/OneDrive/Skrivebord/NyFPGA
# Command line: vivado.exe -gui_launcher_event rodinguilauncherevent14384 C:\Users\axelo\OneDrive\Skrivebord\NyFPGA\NyFPGA.xpr
# Log file: C:/Users/axelo/OneDrive/Skrivebord/NyFPGA/vivado.log
# Journal file: C:/Users/axelo/OneDrive/Skrivebord/NyFPGA\vivado.jou
# Running On        :AxelsPC
# Platform          :Windows Server 2016 or Windows 10
# Operating System  :22631
# Processor Detail  :12th Gen Intel(R) Core(TM) i7-1255U
# CPU Frequency     :2611 MHz
# CPU Physical cores:10
# CPU Logical cores :12
# Host memory       :16874 MB
# Swap memory       :9663 MB
# Total Virtual     :26537 MB
# Available Virtual :14384 MB
#-----------------------------------------------------------
start_gui
open_project C:/Users/axelo/OneDrive/Skrivebord/NyFPGA/NyFPGA.xpr
Scanning sources...
Finished scanning sources
WARNING: [Board 49-26] cannot add Board Part xilinx.com:emb-plus-vpr-4616:part0:1.0 available at C:/Vivado/2024.1/data/xhub/boards/XilinxBoardStore/boards/Xilinx/emb-plus-vpr-4616/1.0/board.xml as part xcve2302-sfva784-2mp-e-s specified in board_part file is either invalid or not available
WARNING: [Board 49-26] cannot add Board Part xilinx.com:vck190:part0:2.2 available at C:/Vivado/2024.1/data/xhub/boards/XilinxBoardStore/boards/Xilinx/vck190/production/2.2/board.xml as part xcvc1902-vsva2197-2mp-e-s specified in board_part file is either invalid or not available
WARNING: [Board 49-26] cannot add Board Part xilinx.com:vck190:part0:3.0 available at C:/Vivado/2024.1/data/xhub/boards/XilinxBoardStore/boards/Xilinx/vck190/production/3.0/board.xml as part xcvc1902-vsva2197-2mp-e-s specified in board_part file is either invalid or not available
WARNING: [Board 49-26] cannot add Board Part xilinx.com:vck190:part0:3.1 available at C:/Vivado/2024.1/data/xhub/boards/XilinxBoardStore/boards/Xilinx/vck190/production/3.1/board.xml as part xcvc1902-vsva2197-2mp-e-s specified in board_part file is either invalid or not available
WARNING: [Board 49-26] cannot add Board Part xilinx.com:vck190:part0:3.2 available at C:/Vivado/2024.1/data/xhub/boards/XilinxBoardStore/boards/Xilinx/vck190/production/3.2/board.xml as part xcvc1902-vsva2197-2mp-e-s specified in board_part file is either invalid or not available
WARNING: [Board 49-26] cannot add Board Part xilinx.com:vck190:part0:3.3 available at C:/Vivado/2024.1/data/xhub/boards/XilinxBoardStore/boards/Xilinx/vck190/production/3.3/board.xml as part xcvc1902-vsva2197-2mp-e-s specified in board_part file is either invalid or not available
WARNING: [Board 49-26] cannot add Board Part xilinx.com:vck190_newl:part0:1.0 available at C:/Vivado/2024.1/data/xhub/boards/XilinxBoardStore/boards/Xilinx/vck190_newl/production/1.0/board.xml as part xcvc1902-vsva2197-2mp-e-s specified in board_part file is either invalid or not available
WARNING: [Board 49-26] cannot add Board Part xilinx.com:vck190_newl:part0:1.1 available at C:/Vivado/2024.1/data/xhub/boards/XilinxBoardStore/boards/Xilinx/vck190_newl/production/1.1/board.xml as part xcvc1902-vsva2197-2mp-e-s specified in board_part file is either invalid or not available
WARNING: [Board 49-26] cannot add Board Part xilinx.com:vck190_newl:part0:1.2 available at C:/Vivado/2024.1/data/xhub/boards/XilinxBoardStore/boards/Xilinx/vck190_newl/production/1.2/board.xml as part xcvc1902-vsva2197-2mp-e-s specified in board_part file is either invalid or not available
WARNING: [Board 49-26] cannot add Board Part xilinx.com:vek280:part0:1.0 available at C:/Vivado/2024.1/data/xhub/boards/XilinxBoardStore/boards/Xilinx/vek280/production/1.0/board.xml as part xcve2802-vsvh1760-2mp-e-s specified in board_part file is either invalid or not available
WARNING: [Board 49-26] cannot add Board Part xilinx.com:vek280:part0:1.1 available at C:/Vivado/2024.1/data/xhub/boards/XilinxBoardStore/boards/Xilinx/vek280/production/1.1/board.xml as part xcve2802-vsvh1760-2mp-e-s specified in board_part file is either invalid or not available
WARNING: [Board 49-26] cannot add Board Part xilinx.com:vek280:part0:1.2 available at C:/Vivado/2024.1/data/xhub/boards/XilinxBoardStore/boards/Xilinx/vek280/production/1.2/board.xml as part xcve2802-vsvh1760-2mp-e-s specified in board_part file is either invalid or not available
WARNING: [Board 49-26] cannot add Board Part xilinx.com:vek280_es:part0:1.0 available at C:/Vivado/2024.1/data/xhub/boards/XilinxBoardStore/boards/Xilinx/vek280/es/rev_a/1.0/board.xml as part xcve2802-vsvh1760-2lp-e-s-es1 specified in board_part file is either invalid or not available
WARNING: [Board 49-26] cannot add Board Part xilinx.com:vek280_es:part0:1.1 available at C:/Vivado/2024.1/data/xhub/boards/XilinxBoardStore/boards/Xilinx/vek280/es/rev_a/1.1/board.xml as part xcve2802-vsvh1760-2lp-e-s-es1 specified in board_part file is either invalid or not available
WARNING: [Board 49-26] cannot add Board Part xilinx.com:vek280_es_revb:part0:1.0 available at C:/Vivado/2024.1/data/xhub/boards/XilinxBoardStore/boards/Xilinx/vek280/es/rev_b/1.0/board.xml as part xcve2802-vsvh1760-2mp-e-s-es1 specified in board_part file is either invalid or not available
WARNING: [Board 49-26] cannot add Board Part xilinx.com:vek280_es_revb:part0:1.1 available at C:/Vivado/2024.1/data/xhub/boards/XilinxBoardStore/boards/Xilinx/vek280/es/rev_b/1.1/board.xml as part xcve2802-vsvh1760-2mp-e-s-es1 specified in board_part file is either invalid or not available
WARNING: [Board 49-26] cannot add Board Part xilinx.com:vermeo_t1_mpsoc:part0:1.0 available at C:/Vivado/2024.1/data/xhub/boards/XilinxBoardStore/boards/Xilinx/vermeo_t1_mpsoc/1.0/board.xml as part xczu19eg-ffvd1760-2l-e specified in board_part file is either invalid or not available
WARNING: [Board 49-26] cannot add Board Part xilinx.com:vermeo_t1_rfsoc:part0:1.0 available at C:/Vivado/2024.1/data/xhub/boards/XilinxBoardStore/boards/Xilinx/vermeo_t1_rfsoc/1.0/board.xml as part xczu21dr-ffvd1156-2l-e specified in board_part file is either invalid or not available
WARNING: [Board 49-26] cannot add Board Part xilinx.com:vhk158:part0:1.0 available at C:/Vivado/2024.1/data/xhub/boards/XilinxBoardStore/boards/Xilinx/vhk158/production/1.0/board.xml as part xcvh1582-vsva3697-2mp-e-s specified in board_part file is either invalid or not available
WARNING: [Board 49-26] cannot add Board Part xilinx.com:vhk158:part0:1.1 available at C:/Vivado/2024.1/data/xhub/boards/XilinxBoardStore/boards/Xilinx/vhk158/production/1.1/board.xml as part xcvh1582-vsva3697-2mp-e-s specified in board_part file is either invalid or not available
WARNING: [Board 49-26] cannot add Board Part xilinx.com:vhk158_es:part0:1.0 available at C:/Vivado/2024.1/data/xhub/boards/XilinxBoardStore/boards/Xilinx/vhk158/es/1.0/board.xml as part xcvh1582-vsva3697-2mp-e-s-es1 specified in board_part file is either invalid or not available
WARNING: [Board 49-26] cannot add Board Part xilinx.com:vhk158_es:part0:1.1 available at C:/Vivado/2024.1/data/xhub/boards/XilinxBoardStore/boards/Xilinx/vhk158/es/1.1/board.xml as part xcvh1582-vsva3697-2mp-e-s-es1 specified in board_part file is either invalid or not available
WARNING: [Board 49-26] cannot add Board Part xilinx.com:vmk180:part0:2.2 available at C:/Vivado/2024.1/data/xhub/boards/XilinxBoardStore/boards/Xilinx/vmk180/production/2.2/board.xml as part xcvm1802-vsva2197-2mp-e-s specified in board_part file is either invalid or not available
WARNING: [Board 49-26] cannot add Board Part xilinx.com:vmk180:part0:3.0 available at C:/Vivado/2024.1/data/xhub/boards/XilinxBoardStore/boards/Xilinx/vmk180/production/3.0/board.xml as part xcvm1802-vsva2197-2mp-e-s specified in board_part file is either invalid or not available
WARNING: [Board 49-26] cannot add Board Part xilinx.com:vmk180:part0:3.1 available at C:/Vivado/2024.1/data/xhub/boards/XilinxBoardStore/boards/Xilinx/vmk180/production/3.1/board.xml as part xcvm1802-vsva2197-2mp-e-s specified in board_part file is either invalid or not available
WARNING: [Board 49-26] cannot add Board Part xilinx.com:vmk180:part0:3.2 available at C:/Vivado/2024.1/data/xhub/boards/XilinxBoardStore/boards/Xilinx/vmk180/production/3.2/board.xml as part xcvm1802-vsva2197-2mp-e-s specified in board_part file is either invalid or not available
WARNING: [Board 49-26] cannot add Board Part xilinx.com:vmk180_newl:part0:1.0 available at C:/Vivado/2024.1/data/xhub/boards/XilinxBoardStore/boards/Xilinx/vmk180_newl/production/1.0/board.xml as part xcvm1802-vsva2197-2mp-e-s specified in board_part file is either invalid or not available
WARNING: [Board 49-26] cannot add Board Part xilinx.com:vmk180_newl:part0:1.1 available at C:/Vivado/2024.1/data/xhub/boards/XilinxBoardStore/boards/Xilinx/vmk180_newl/production/1.1/board.xml as part xcvm1802-vsva2197-2mp-e-s specified in board_part file is either invalid or not available
WARNING: [Board 49-26] cannot add Board Part xilinx.com:vpk120:part0:1.0 available at C:/Vivado/2024.1/data/xhub/boards/XilinxBoardStore/boards/Xilinx/vpk120/production/1.0/board.xml as part xcvp1202-vsva2785-2mp-e-s specified in board_part file is either invalid or not available
WARNING: [Board 49-26] cannot add Board Part xilinx.com:vpk120:part0:1.1 available at C:/Vivado/2024.1/data/xhub/boards/XilinxBoardStore/boards/Xilinx/vpk120/production/1.1/board.xml as part xcvp1202-vsva2785-2mp-e-s specified in board_part file is either invalid or not available
WARNING: [Board 49-26] cannot add Board Part xilinx.com:vpk120:part0:1.2 available at C:/Vivado/2024.1/data/xhub/boards/XilinxBoardStore/boards/Xilinx/vpk120/production/1.2/board.xml as part xcvp1202-vsva2785-2mp-e-s specified in board_part file is either invalid or not available
WARNING: [Board 49-26] cannot add Board Part xilinx.com:vpk180:part0:1.0 available at C:/Vivado/2024.1/data/xhub/boards/XilinxBoardStore/boards/Xilinx/vpk180/production/1.0/board.xml as part xcvp1802-lsvc4072-2mp-e-s specified in board_part file is either invalid or not available
WARNING: [Board 49-26] cannot add Board Part xilinx.com:vpk180:part0:1.1 available at C:/Vivado/2024.1/data/xhub/boards/XilinxBoardStore/boards/Xilinx/vpk180/production/1.1/board.xml as part xcvp1802-lsvc4072-2mp-e-s specified in board_part file is either invalid or not available
WARNING: [Board 49-26] cannot add Board Part xilinx.com:vpk180:part0:1.2 available at C:/Vivado/2024.1/data/xhub/boards/XilinxBoardStore/boards/Xilinx/vpk180/production/1.2/board.xml as part xcvp1802-lsvc4072-2mp-e-s specified in board_part file is either invalid or not available
WARNING: [Board 49-26] cannot add Board Part xilinx.com:zc702:part0:1.4 available at C:/Vivado/2024.1/data/xhub/boards/XilinxBoardStore/boards/Xilinx/zc702/1.4/board.xml as part xc7z020clg484-1 specified in board_part file is either invalid or not available
WARNING: [Board 49-26] cannot add Board Part xilinx.com:zc706:part0:1.4 available at C:/Vivado/2024.1/data/xhub/boards/XilinxBoardStore/boards/Xilinx/zc706/1.4/board.xml as part xc7z045ffg900-2 specified in board_part file is either invalid or not available
WARNING: [Board 49-26] cannot add Board Part xilinx.com:zcu102:part0:3.3 available at C:/Vivado/2024.1/data/xhub/boards/XilinxBoardStore/boards/Xilinx/zcu102/3.3/board.xml as part xczu9eg-ffvb1156-2-e specified in board_part file is either invalid or not available
WARNING: [Board 49-26] cannot add Board Part xilinx.com:zcu102:part0:3.4 available at C:/Vivado/2024.1/data/xhub/boards/XilinxBoardStore/boards/Xilinx/zcu102/3.4/board.xml as part xczu9eg-ffvb1156-2-e specified in board_part file is either invalid or not available
WARNING: [Board 49-26] cannot add Board Part xilinx.com:zcu104:part0:1.1 available at C:/Vivado/2024.1/data/xhub/boards/XilinxBoardStore/boards/Xilinx/zcu104/1.1/board.xml as part xczu7ev-ffvc1156-2-e specified in board_part file is either invalid or not available
WARNING: [Board 49-26] cannot add Board Part xilinx.com:zcu106:part0:2.4 available at C:/Vivado/2024.1/data/xhub/boards/XilinxBoardStore/boards/Xilinx/zcu106/2.4/board.xml as part xczu7ev-ffvc1156-2-e specified in board_part file is either invalid or not available
WARNING: [Board 49-26] cannot add Board Part xilinx.com:zcu106:part0:2.5 available at C:/Vivado/2024.1/data/xhub/boards/XilinxBoardStore/boards/Xilinx/zcu106/2.5/board.xml as part xczu7ev-ffvc1156-2-e specified in board_part file is either invalid or not available
WARNING: [Board 49-26] cannot add Board Part xilinx.com:zcu106:part0:2.6 available at C:/Vivado/2024.1/data/xhub/boards/XilinxBoardStore/boards/Xilinx/zcu106/2.6/board.xml as part xczu7ev-ffvc1156-2-e specified in board_part file is either invalid or not available
WARNING: [Board 49-26] cannot add Board Part xilinx.com:zcu111:part0:1.2 available at C:/Vivado/2024.1/data/xhub/boards/XilinxBoardStore/boards/Xilinx/zcu111/1.2/board.xml as part xczu28dr-ffvg1517-2-e specified in board_part file is either invalid or not available
WARNING: [Board 49-26] cannot add Board Part xilinx.com:zcu111:part0:1.3 available at C:/Vivado/2024.1/data/xhub/boards/XilinxBoardStore/boards/Xilinx/zcu111/1.3/board.xml as part xczu28dr-ffvg1517-2-e specified in board_part file is either invalid or not available
WARNING: [Board 49-26] cannot add Board Part xilinx.com:zcu111:part0:1.4 available at C:/Vivado/2024.1/data/xhub/boards/XilinxBoardStore/boards/Xilinx/zcu111/1.4/board.xml as part xczu28dr-ffvg1517-2-e specified in board_part file is either invalid or not available
WARNING: [Board 49-26] cannot add Board Part xilinx.com:zcu1275:part0:1.0 available at C:/Vivado/2024.1/data/xhub/boards/XilinxBoardStore/boards/Xilinx/zcu1275/1.0/board.xml as part xczu29dr-ffvf1760-2-e specified in board_part file is either invalid or not available
WARNING: [Board 49-26] cannot add Board Part xilinx.com:zcu1285:part0:1.0 available at C:/Vivado/2024.1/data/xhub/boards/XilinxBoardStore/boards/Xilinx/zcu1285/1.0/board.xml as part xczu39dr-ffvf1760-2-i specified in board_part file is either invalid or not available
WARNING: [Board 49-26] cannot add Board Part xilinx.com:zcu208:part0:2.0 available at C:/Vivado/2024.1/data/xhub/boards/XilinxBoardStore/boards/Xilinx/zcu208/production/2.0/board.xml as part xczu48dr-fsvg1517-2-e specified in board_part file is either invalid or not available
WARNING: [Board 49-26] cannot add Board Part xilinx.com:zcu208ld:part0:2.0 available at C:/Vivado/2024.1/data/xhub/boards/XilinxBoardStore/boards/Xilinx/zcu208ld/production/2.0/board.xml as part xczu58dr-fsvg1517-2-i specified in board_part file is either invalid or not available
WARNING: [Board 49-26] cannot add Board Part xilinx.com:zcu216:part0:2.0 available at C:/Vivado/2024.1/data/xhub/boards/XilinxBoardStore/boards/Xilinx/zcu216/production/2.0/board.xml as part xczu49dr-ffvf1760-2-e specified in board_part file is either invalid or not available
WARNING: [Board 49-26] cannot add Board Part xilinx.com:zcu216ld:part0:2.0 available at C:/Vivado/2024.1/data/xhub/boards/XilinxBoardStore/boards/Xilinx/zcu216ld/production/2.0/board.xml as part xczu59dr-ffvf1760-2-i specified in board_part file is either invalid or not available
WARNING: [Board 49-26] cannot add Board Part xilinx.com:zcu670:part0:2.0 available at C:/Vivado/2024.1/data/xhub/boards/XilinxBoardStore/boards/Xilinx/zcu670/2.0/board.xml as part xczu67dr-fsve1156-2-i specified in board_part file is either invalid or not available
WARNING: [Board 49-26] cannot add Board Part xilinx.com:zcu670ld:part0:1.0 available at C:/Vivado/2024.1/data/xhub/boards/XilinxBoardStore/boards/Xilinx/zcu670ld/1.0/board.xml as part xczu57dr-fsve1156-2-i specified in board_part file is either invalid or not available
INFO: [IP_Flow 19-234] Refreshing IP repositories
INFO: [IP_Flow 19-1704] No user IP repositories specified
INFO: [IP_Flow 19-2313] Loaded Vivado IP repository 'C:/Vivado/2024.1/data/ip'.
open_project: Time (s): cpu = 00:00:03 ; elapsed = 00:00:16 . Memory (MB): peak = 1601.000 ; gain = 525.551
update_compile_order -fileset sources_1
open_bd_design {C:/Users/axelo/OneDrive/Skrivebord/NyFPGA/NyFPGA.srcs/sources_1/bd/design_1/design_1.bd}
Reading block design file <C:/Users/axelo/OneDrive/Skrivebord/NyFPGA/NyFPGA.srcs/sources_1/bd/design_1/design_1.bd>...
Adding component instance block -- xilinx.com:ip:xadc_wiz:3.3 - xadc_wiz_0
Adding component instance block -- xilinx.com:ip:xlconstant:1.1 - xlconstant_0
Adding component instance block -- xilinx.com:module_ref:Shifter:1.0 - Shifter_0
Adding component instance block -- xilinx.com:ip:clk_wiz:6.0 - clk_wiz_0
Adding component instance block -- xilinx.com:ip:xpm_cdc_gen:1.0 - xpm_cdc_gen_0
Adding component instance block -- xilinx.com:module_ref:Correlator_TOF:1.0 - Correlator_TOF_0
Adding component instance block -- xilinx.com:ip:xlconstant:1.1 - xlconstant_1
Adding component instance block -- xilinx.com:module_ref:AlgM:1.0 - AlgM_0
Adding component instance block -- xilinx.com:module_ref:sat_sel:1.0 - sat_sel_0
Adding component instance block -- xilinx.com:module_ref:SPI_subnode:1.0 - SPI_subnode_0
Adding component instance block -- xilinx.com:module_ref:Sample2TOF:1.0 - Sample2TOF_0
Adding component instance block -- xilinx.com:module_ref:PosUpdateLatch:1.0 - PosUpdateLatch_0
Successfully read diagram <design_1> from block design file <C:/Users/axelo/OneDrive/Skrivebord/NyFPGA/NyFPGA.srcs/sources_1/bd/design_1/design_1.bd>
open_bd_design: Time (s): cpu = 00:00:01 ; elapsed = 00:00:10 . Memory (MB): peak = 1726.938 ; gain = 104.363
update_module_reference design_1_Sample2TOF_0_0
Upgrading 'C:/Users/axelo/OneDrive/Skrivebord/NyFPGA/NyFPGA.srcs/sources_1/bd/design_1/design_1.bd'
INFO: [IP_Flow 19-3420] Updated design_1_Sample2TOF_0_0 to use current project options
Wrote  : <C:\Users\axelo\OneDrive\Skrivebord\NyFPGA\NyFPGA.srcs\sources_1\bd\design_1\design_1.bd> 
Wrote  : <C:/Users/axelo/OneDrive/Skrivebord/NyFPGA/NyFPGA.srcs/sources_1/bd/design_1/ui/bd_1f5defd0.ui> 
reset_run synth_1
INFO: [Project 1-1161] Replacing file C:/Users/axelo/OneDrive/Skrivebord/NyFPGA/NyFPGA.srcs/utils_1/imports/synth_1/design_1_wrapper.dcp with file C:/Users/axelo/OneDrive/Skrivebord/NyFPGA/NyFPGA.runs/synth_1/design_1_wrapper.dcp
launch_runs impl_1 -to_step write_bitstream -jobs 12
INFO: [Vivado 12-4149] The synthesis checkpoint for IP 'C:/Users/axelo/OneDrive/Skrivebord/NyFPGA/NyFPGA.srcs/sources_1/Alg_cal.srcs/sources_1/ip/cordic_0/cordic_0.xci' is already up-to-date
INFO: [xilinx.com:ip:clk_wiz:6.0-1] /clk_wiz_0 clk_wiz propagate
Wrote  : <C:\Users\axelo\OneDrive\Skrivebord\NyFPGA\NyFPGA.srcs\sources_1\bd\design_1\design_1.bd> 
VHDL Output written to : c:/Users/axelo/OneDrive/Skrivebord/NyFPGA/NyFPGA.gen/sources_1/bd/design_1/synth/design_1.vhd
VHDL Output written to : c:/Users/axelo/OneDrive/Skrivebord/NyFPGA/NyFPGA.gen/sources_1/bd/design_1/sim/design_1.vhd
VHDL Output written to : c:/Users/axelo/OneDrive/Skrivebord/NyFPGA/NyFPGA.gen/sources_1/bd/design_1/hdl/design_1_wrapper.vhd
INFO: [BD 41-1029] Generation completed for the IP Integrator block Sample2TOF_0 .
Exporting to file c:/Users/axelo/OneDrive/Skrivebord/NyFPGA/NyFPGA.gen/sources_1/bd/design_1/hw_handoff/design_1.hwh
Generated Hardware Definition File c:/Users/axelo/OneDrive/Skrivebord/NyFPGA/NyFPGA.gen/sources_1/bd/design_1/synth/design_1.hwdef
[Fri Nov 29 10:26:07 2024] Launched design_1_Sample2TOF_0_0_synth_1, synth_1...
Run output will be captured here:
design_1_Sample2TOF_0_0_synth_1: C:/Users/axelo/OneDrive/Skrivebord/NyFPGA/NyFPGA.runs/design_1_Sample2TOF_0_0_synth_1/runme.log
synth_1: C:/Users/axelo/OneDrive/Skrivebord/NyFPGA/NyFPGA.runs/synth_1/runme.log
[Fri Nov 29 10:26:07 2024] Launched impl_1...
Run output will be captured here: C:/Users/axelo/OneDrive/Skrivebord/NyFPGA/NyFPGA.runs/impl_1/runme.log
launch_runs: Time (s): cpu = 00:00:03 ; elapsed = 00:00:16 . Memory (MB): peak = 2017.613 ; gain = 240.645
open_hw_manager
connect_hw_server -allow_non_jtag
INFO: [Labtools 27-2285] Connecting to hw_server url TCP:localhost:3121
INFO: [Labtools 27-2222] Launching hw_server...
INFO: [Labtools 27-2221] Launch Output:

****** Xilinx hw_server v2024.1.2
  **** Build date : Sep  5 2024 at 15:53:37
    ** Copyright 1986-2022 Xilinx, Inc. All Rights Reserved.


INFO: [Labtools 27-3415] Connecting to cs_server url TCP:localhost:0
INFO: [Labtools 27-3417] Launching cs_server...
INFO: [Labtools 27-2221] Launch Output:


******** Xilinx cs_server v2024.1.0
  ****** Build date   : Sep 05 2024-07:02:39
    **** Build number : 2024.1.1725512559
      ** Copyright 2017-2022 Xilinx, Inc. All Rights Reserved.
      ** Copyright 2022-2024 Advanced Micro Devices, Inc. All Rights Reserved.



connect_hw_server: Time (s): cpu = 00:00:00 ; elapsed = 00:00:08 . Memory (MB): peak = 2128.816 ; gain = 0.000
disconnect_hw_server localhost:3121
connect_hw_server -allow_non_jtag
INFO: [Labtools 27-2285] Connecting to hw_server url TCP:localhost:3121
INFO: [Labtools 27-3415] Connecting to cs_server url TCP:localhost:0
INFO: [Labtools 27-3417] Launching cs_server...
INFO: [Labtools 27-2221] Launch Output:


******** Xilinx cs_server v2024.1.0
  ****** Build date   : Sep 05 2024-07:02:39
    **** Build number : 2024.1.1725512559
      ** Copyright 2017-2022 Xilinx, Inc. All Rights Reserved.
      ** Copyright 2022-2024 Advanced Micro Devices, Inc. All Rights Reserved.



open_hw_target
INFO: [Labtoolstcl 44-466] Opening hw_target localhost:3121/xilinx_tcf/Digilent/210276BA003AB
set_property PROGRAM.FILE {C:/Users/axelo/OneDrive/Skrivebord/NyFPGA/NyFPGA.runs/impl_1/design_1_wrapper.bit} [get_hw_devices xc7a200t_0]
current_hw_device [get_hw_devices xc7a200t_0]
refresh_hw_device -update_hw_probes false [lindex [get_hw_devices xc7a200t_0] 0]
INFO: [Labtools 27-1434] Device xc7a200t (JTAG device index = 0) is programmed with a design that has no supported debug core(s) in it.
create_hw_cfgmem -hw_device [get_hw_devices xc7a200t_0] -mem_dev [lindex [get_cfgmem_parts {s25fl256sxxxxxx0-spi-x1_x2_x4}] 0]
write_cfgmem  -format bin -size 32 -interface SPIx4 -loadbit {up 0x00000000 "C:/Users/axelo/OneDrive/Skrivebord/NyFPGA/NyFPGA.runs/impl_1/design_1_wrapper.bit" } -checksum -force -file "C:/Users/axelo/OneDrive/Skrivebord/NyFPGA/NyFPGA.runs/impl_1/design_1_wrapper.bin"
Command: write_cfgmem -format bin -size 32 -interface SPIx4 -loadbit {up 0x00000000 "C:/Users/axelo/OneDrive/Skrivebord/NyFPGA/NyFPGA.runs/impl_1/design_1_wrapper.bit" } -checksum -force -file C:/Users/axelo/OneDrive/Skrivebord/NyFPGA/NyFPGA.runs/impl_1/design_1_wrapper.bin
Creating config memory files...
Creating bitstream load up from address 0x00000000
Loading bitfile C:/Users/axelo/OneDrive/Skrivebord/NyFPGA/NyFPGA.runs/impl_1/design_1_wrapper.bit
Writing file C:/Users/axelo/OneDrive/Skrivebord/NyFPGA/NyFPGA.runs/impl_1/design_1_wrapper.bin
Writing log file C:/Users/axelo/OneDrive/Skrivebord/NyFPGA/NyFPGA.runs/impl_1/design_1_wrapper.prm
===================================
Configuration Memory information
===================================
File Format        BIN
Interface          SPIX4
Size               32M
Start Address      0x00000000
End Address        0x01FFFFFF
Checksum           0xB89713A0
Fill Value         0xFF

Addr1         Addr2         Date                    File(s)                                                                              Checksum
0x00000000    0x00488543    Nov 29 10:36:47 2024    C:/Users/axelo/OneDrive/Skrivebord/NyFPGA/NyFPGA.runs/impl_1/design_1_wrapper.bit    0x02D3D25C
File Checksum Total                                                                                                                      0x02D3D25C
0 Infos, 0 Warnings, 0 Critical Warnings and 0 Errors encountered.
write_cfgmem completed successfully
set_property PROGRAM.ADDRESS_RANGE  {use_file} [ get_property PROGRAM.HW_CFGMEM [lindex [get_hw_devices xc7a200t_0] 0]]
set_property PROGRAM.FILES [list "C:/Users/axelo/OneDrive/Skrivebord/NyFPGA/NyFPGA.runs/impl_1/design_1_wrapper.bin" ] [ get_property PROGRAM.HW_CFGMEM [lindex [get_hw_devices xc7a200t_0] 0]]
set_property PROGRAM.PRM_FILE {} [ get_property PROGRAM.HW_CFGMEM [lindex [get_hw_devices xc7a200t_0] 0]]
set_property PROGRAM.UNUSED_PIN_TERMINATION {pull-none} [ get_property PROGRAM.HW_CFGMEM [lindex [get_hw_devices xc7a200t_0] 0]]
set_property PROGRAM.BLANK_CHECK  0 [ get_property PROGRAM.HW_CFGMEM [lindex [get_hw_devices xc7a200t_0] 0]]
set_property PROGRAM.ERASE  1 [ get_property PROGRAM.HW_CFGMEM [lindex [get_hw_devices xc7a200t_0] 0]]
set_property PROGRAM.CFG_PROGRAM  1 [ get_property PROGRAM.HW_CFGMEM [lindex [get_hw_devices xc7a200t_0] 0]]
set_property PROGRAM.VERIFY  1 [ get_property PROGRAM.HW_CFGMEM [lindex [get_hw_devices xc7a200t_0] 0]]
set_property PROGRAM.CHECKSUM  0 [ get_property PROGRAM.HW_CFGMEM [lindex [get_hw_devices xc7a200t_0] 0]]
startgroup 
create_hw_bitstream -hw_device [lindex [get_hw_devices xc7a200t_0] 0] [get_property PROGRAM.HW_CFGMEM_BITFILE [ lindex [get_hw_devices xc7a200t_0] 0]]; program_hw_devices [lindex [get_hw_devices xc7a200t_0] 0]; refresh_hw_device [lindex [get_hw_devices xc7a200t_0] 0];
INFO: [Labtools 27-3164] End of startup status: HIGH
INFO: [Labtools 27-2302] Device xc7a200t (JTAG device index = 0) is programmed with a design that has 1 SPI core(s).
program_hw_cfgmem -hw_cfgmem [ get_property PROGRAM.HW_CFGMEM [lindex [get_hw_devices xc7a200t_0] 0]]
Mfg ID : 1   Memory Type : 2   Memory Capacity : 19   Device ID 1 : 0   Device ID 2 : 0
Performing Erase Operation...
Erase Operation successful.
Performing Program and Verify Operations...
Program/Verify Operation successful.
INFO: [Labtoolstcl 44-377] Flash programming completed successfully
program_hw_cfgmem: Time (s): cpu = 00:00:01 ; elapsed = 00:01:51 . Memory (MB): peak = 2298.363 ; gain = 0.000
endgroup
set_property PROBES.FILE {} [get_hw_devices xc7a200t_0]
set_property FULL_PROBES.FILE {} [get_hw_devices xc7a200t_0]
set_property PROGRAM.FILE {C:/Users/axelo/OneDrive/Skrivebord/NyFPGA/NyFPGA.runs/impl_1/design_1_wrapper.bit} [get_hw_devices xc7a200t_0]
program_hw_devices [get_hw_devices xc7a200t_0]
INFO: [Labtools 27-3164] End of startup status: HIGH
refresh_hw_device [lindex [get_hw_devices xc7a200t_0] 0]
INFO: [Labtools 27-1434] Device xc7a200t (JTAG device index = 0) is programmed with a design that has no supported debug core(s) in it.
ERROR: [Labtoolstcl 44-513] HW Target shutdown. Closing target: localhost:3121/xilinx_tcf/Digilent/210276BA003AB
INFO: [Labtoolstcl 44-466] Opening hw_target localhost:3121/xilinx_tcf/Digilent/210276BA003AB
INFO: [Labtools 27-1434] Device xc7a200t (JTAG device index = 0) is programmed with a design that has no supported debug core(s) in it.
WARNING: [Labtoolstcl 44-129] No matching hw_ila_data was found.
ERROR: [Labtoolstcl 44-513] HW Target shutdown. Closing target: localhost:3121/xilinx_tcf/Digilent/210276BA003AB
exit
INFO: [Common 17-206] Exiting Vivado at Fri Nov 29 10:56:18 2024...
