#-----------------------------------------------------------
# Vivado v2024.1.2 (64-bit)
# SW Build 5164865 on Thu Sep  5 14:37:11 MDT 2024
# IP Build 5164407 on Fri Sep  6 08:18:11 MDT 2024
# SharedData Build 5164864 on Thu Sep 05 13:09:09 MDT 2024
# Start of session at: Mon Dec  2 08:53:44 2024
# Process ID: 13688
# Current directory: C:/Users/axelo/OneDrive/Skrivebord/NyFPGA
# Command line: vivado.exe -gui_launcher_event rodinguilauncherevent19256 C:\Users\axelo\OneDrive\Skrivebord\NyFPGA\NyFPGA.xpr
# Log file: C:/Users/axelo/OneDrive/Skrivebord/NyFPGA/vivado.log
# Journal file: C:/Users/axelo/OneDrive/Skrivebord/NyFPGA\vivado.jou
# Running On        :AxelsPC
# Platform          :Windows Server 2016 or Windows 10
# Operating System  :22631
# Processor Detail  :12th Gen Intel(R) Core(TM) i7-1255U
# CPU Frequency     :2611 MHz
# CPU Physical cores:10
# CPU Logical cores :12
# Host memory       :16874 MB
# Swap memory       :9663 MB
# Total Virtual     :26537 MB
# Available Virtual :16537 MB
#-----------------------------------------------------------
start_gui
open_project C:/Users/axelo/OneDrive/Skrivebord/NyFPGA/NyFPGA.xpr
WARNING: [Board 49-26] cannot add Board Part xilinx.com:emb-plus-vpr-4616:part0:1.0 available at C:/Vivado/2024.1/data/xhub/boards/XilinxBoardStore/boards/Xilinx/emb-plus-vpr-4616/1.0/board.xml as part xcve2302-sfva784-2mp-e-s specified in board_part file is either invalid or not available
WARNING: [Board 49-26] cannot add Board Part xilinx.com:vck190:part0:2.2 available at C:/Vivado/2024.1/data/xhub/boards/XilinxBoardStore/boards/Xilinx/vck190/production/2.2/board.xml as part xcvc1902-vsva2197-2mp-e-s specified in board_part file is either invalid or not available
WARNING: [Board 49-26] cannot add Board Part xilinx.com:vck190:part0:3.0 available at C:/Vivado/2024.1/data/xhub/boards/XilinxBoardStore/boards/Xilinx/vck190/production/3.0/board.xml as part xcvc1902-vsva2197-2mp-e-s specified in board_part file is either invalid or not available
WARNING: [Board 49-26] cannot add Board Part xilinx.com:vck190:part0:3.1 available at C:/Vivado/2024.1/data/xhub/boards/XilinxBoardStore/boards/Xilinx/vck190/production/3.1/board.xml as part xcvc1902-vsva2197-2mp-e-s specified in board_part file is either invalid or not available
WARNING: [Board 49-26] cannot add Board Part xilinx.com:vck190:part0:3.2 available at C:/Vivado/2024.1/data/xhub/boards/XilinxBoardStore/boards/Xilinx/vck190/production/3.2/board.xml as part xcvc1902-vsva2197-2mp-e-s specified in board_part file is either invalid or not available
WARNING: [Board 49-26] cannot add Board Part xilinx.com:vck190:part0:3.3 available at C:/Vivado/2024.1/data/xhub/boards/XilinxBoardStore/boards/Xilinx/vck190/production/3.3/board.xml as part xcvc1902-vsva2197-2mp-e-s specified in board_part file is either invalid or not available
WARNING: [Board 49-26] cannot add Board Part xilinx.com:vck190_newl:part0:1.0 available at C:/Vivado/2024.1/data/xhub/boards/XilinxBoardStore/boards/Xilinx/vck190_newl/production/1.0/board.xml as part xcvc1902-vsva2197-2mp-e-s specified in board_part file is either invalid or not available
WARNING: [Board 49-26] cannot add Board Part xilinx.com:vck190_newl:part0:1.1 available at C:/Vivado/2024.1/data/xhub/boards/XilinxBoardStore/boards/Xilinx/vck190_newl/production/1.1/board.xml as part xcvc1902-vsva2197-2mp-e-s specified in board_part file is either invalid or not available
WARNING: [Board 49-26] cannot add Board Part xilinx.com:vck190_newl:part0:1.2 available at C:/Vivado/2024.1/data/xhub/boards/XilinxBoardStore/boards/Xilinx/vck190_newl/production/1.2/board.xml as part xcvc1902-vsva2197-2mp-e-s specified in board_part file is either invalid or not available
WARNING: [Board 49-26] cannot add Board Part xilinx.com:vek280:part0:1.0 available at C:/Vivado/2024.1/data/xhub/boards/XilinxBoardStore/boards/Xilinx/vek280/production/1.0/board.xml as part xcve2802-vsvh1760-2mp-e-s specified in board_part file is either invalid or not available
WARNING: [Board 49-26] cannot add Board Part xilinx.com:vek280:part0:1.1 available at C:/Vivado/2024.1/data/xhub/boards/XilinxBoardStore/boards/Xilinx/vek280/production/1.1/board.xml as part xcve2802-vsvh1760-2mp-e-s specified in board_part file is either invalid or not available
WARNING: [Board 49-26] cannot add Board Part xilinx.com:vek280:part0:1.2 available at C:/Vivado/2024.1/data/xhub/boards/XilinxBoardStore/boards/Xilinx/vek280/production/1.2/board.xml as part xcve2802-vsvh1760-2mp-e-s specified in board_part file is either invalid or not available
WARNING: [Board 49-26] cannot add Board Part xilinx.com:vek280_es:part0:1.0 available at C:/Vivado/2024.1/data/xhub/boards/XilinxBoardStore/boards/Xilinx/vek280/es/rev_a/1.0/board.xml as part xcve2802-vsvh1760-2lp-e-s-es1 specified in board_part file is either invalid or not available
WARNING: [Board 49-26] cannot add Board Part xilinx.com:vek280_es:part0:1.1 available at C:/Vivado/2024.1/data/xhub/boards/XilinxBoardStore/boards/Xilinx/vek280/es/rev_a/1.1/board.xml as part xcve2802-vsvh1760-2lp-e-s-es1 specified in board_part file is either invalid or not available
WARNING: [Board 49-26] cannot add Board Part xilinx.com:vek280_es_revb:part0:1.0 available at C:/Vivado/2024.1/data/xhub/boards/XilinxBoardStore/boards/Xilinx/vek280/es/rev_b/1.0/board.xml as part xcve2802-vsvh1760-2mp-e-s-es1 specified in board_part file is either invalid or not available
WARNING: [Board 49-26] cannot add Board Part xilinx.com:vek280_es_revb:part0:1.1 available at C:/Vivado/2024.1/data/xhub/boards/XilinxBoardStore/boards/Xilinx/vek280/es/rev_b/1.1/board.xml as part xcve2802-vsvh1760-2mp-e-s-es1 specified in board_part file is either invalid or not available
WARNING: [Board 49-26] cannot add Board Part xilinx.com:vermeo_t1_mpsoc:part0:1.0 available at C:/Vivado/2024.1/data/xhub/boards/XilinxBoardStore/boards/Xilinx/vermeo_t1_mpsoc/1.0/board.xml as part xczu19eg-ffvd1760-2l-e specified in board_part file is either invalid or not available
WARNING: [Board 49-26] cannot add Board Part xilinx.com:vermeo_t1_rfsoc:part0:1.0 available at C:/Vivado/2024.1/data/xhub/boards/XilinxBoardStore/boards/Xilinx/vermeo_t1_rfsoc/1.0/board.xml as part xczu21dr-ffvd1156-2l-e specified in board_part file is either invalid or not available
WARNING: [Board 49-26] cannot add Board Part xilinx.com:vhk158:part0:1.0 available at C:/Vivado/2024.1/data/xhub/boards/XilinxBoardStore/boards/Xilinx/vhk158/production/1.0/board.xml as part xcvh1582-vsva3697-2mp-e-s specified in board_part file is either invalid or not available
WARNING: [Board 49-26] cannot add Board Part xilinx.com:vhk158:part0:1.1 available at C:/Vivado/2024.1/data/xhub/boards/XilinxBoardStore/boards/Xilinx/vhk158/production/1.1/board.xml as part xcvh1582-vsva3697-2mp-e-s specified in board_part file is either invalid or not available
WARNING: [Board 49-26] cannot add Board Part xilinx.com:vhk158_es:part0:1.0 available at C:/Vivado/2024.1/data/xhub/boards/XilinxBoardStore/boards/Xilinx/vhk158/es/1.0/board.xml as part xcvh1582-vsva3697-2mp-e-s-es1 specified in board_part file is either invalid or not available
WARNING: [Board 49-26] cannot add Board Part xilinx.com:vhk158_es:part0:1.1 available at C:/Vivado/2024.1/data/xhub/boards/XilinxBoardStore/boards/Xilinx/vhk158/es/1.1/board.xml as part xcvh1582-vsva3697-2mp-e-s-es1 specified in board_part file is either invalid or not available
WARNING: [Board 49-26] cannot add Board Part xilinx.com:vmk180:part0:2.2 available at C:/Vivado/2024.1/data/xhub/boards/XilinxBoardStore/boards/Xilinx/vmk180/production/2.2/board.xml as part xcvm1802-vsva2197-2mp-e-s specified in board_part file is either invalid or not available
WARNING: [Board 49-26] cannot add Board Part xilinx.com:vmk180:part0:3.0 available at C:/Vivado/2024.1/data/xhub/boards/XilinxBoardStore/boards/Xilinx/vmk180/production/3.0/board.xml as part xcvm1802-vsva2197-2mp-e-s specified in board_part file is either invalid or not available
WARNING: [Board 49-26] cannot add Board Part xilinx.com:vmk180:part0:3.1 available at C:/Vivado/2024.1/data/xhub/boards/XilinxBoardStore/boards/Xilinx/vmk180/production/3.1/board.xml as part xcvm1802-vsva2197-2mp-e-s specified in board_part file is either invalid or not available
WARNING: [Board 49-26] cannot add Board Part xilinx.com:vmk180:part0:3.2 available at C:/Vivado/2024.1/data/xhub/boards/XilinxBoardStore/boards/Xilinx/vmk180/production/3.2/board.xml as part xcvm1802-vsva2197-2mp-e-s specified in board_part file is either invalid or not available
WARNING: [Board 49-26] cannot add Board Part xilinx.com:vmk180_newl:part0:1.0 available at C:/Vivado/2024.1/data/xhub/boards/XilinxBoardStore/boards/Xilinx/vmk180_newl/production/1.0/board.xml as part xcvm1802-vsva2197-2mp-e-s specified in board_part file is either invalid or not available
WARNING: [Board 49-26] cannot add Board Part xilinx.com:vmk180_newl:part0:1.1 available at C:/Vivado/2024.1/data/xhub/boards/XilinxBoardStore/boards/Xilinx/vmk180_newl/production/1.1/board.xml as part xcvm1802-vsva2197-2mp-e-s specified in board_part file is either invalid or not available
WARNING: [Board 49-26] cannot add Board Part xilinx.com:vpk120:part0:1.0 available at C:/Vivado/2024.1/data/xhub/boards/XilinxBoardStore/boards/Xilinx/vpk120/production/1.0/board.xml as part xcvp1202-vsva2785-2mp-e-s specified in board_part file is either invalid or not available
WARNING: [Board 49-26] cannot add Board Part xilinx.com:vpk120:part0:1.1 available at C:/Vivado/2024.1/data/xhub/boards/XilinxBoardStore/boards/Xilinx/vpk120/production/1.1/board.xml as part xcvp1202-vsva2785-2mp-e-s specified in board_part file is either invalid or not available
WARNING: [Board 49-26] cannot add Board Part xilinx.com:vpk120:part0:1.2 available at C:/Vivado/2024.1/data/xhub/boards/XilinxBoardStore/boards/Xilinx/vpk120/production/1.2/board.xml as part xcvp1202-vsva2785-2mp-e-s specified in board_part file is either invalid or not available
WARNING: [Board 49-26] cannot add Board Part xilinx.com:vpk180:part0:1.0 available at C:/Vivado/2024.1/data/xhub/boards/XilinxBoardStore/boards/Xilinx/vpk180/production/1.0/board.xml as part xcvp1802-lsvc4072-2mp-e-s specified in board_part file is either invalid or not available
WARNING: [Board 49-26] cannot add Board Part xilinx.com:vpk180:part0:1.1 available at C:/Vivado/2024.1/data/xhub/boards/XilinxBoardStore/boards/Xilinx/vpk180/production/1.1/board.xml as part xcvp1802-lsvc4072-2mp-e-s specified in board_part file is either invalid or not available
WARNING: [Board 49-26] cannot add Board Part xilinx.com:vpk180:part0:1.2 available at C:/Vivado/2024.1/data/xhub/boards/XilinxBoardStore/boards/Xilinx/vpk180/production/1.2/board.xml as part xcvp1802-lsvc4072-2mp-e-s specified in board_part file is either invalid or not available
WARNING: [Board 49-26] cannot add Board Part xilinx.com:zc702:part0:1.4 available at C:/Vivado/2024.1/data/xhub/boards/XilinxBoardStore/boards/Xilinx/zc702/1.4/board.xml as part xc7z020clg484-1 specified in board_part file is either invalid or not available
WARNING: [Board 49-26] cannot add Board Part xilinx.com:zc706:part0:1.4 available at C:/Vivado/2024.1/data/xhub/boards/XilinxBoardStore/boards/Xilinx/zc706/1.4/board.xml as part xc7z045ffg900-2 specified in board_part file is either invalid or not available
WARNING: [Board 49-26] cannot add Board Part xilinx.com:zcu102:part0:3.3 available at C:/Vivado/2024.1/data/xhub/boards/XilinxBoardStore/boards/Xilinx/zcu102/3.3/board.xml as part xczu9eg-ffvb1156-2-e specified in board_part file is either invalid or not available
WARNING: [Board 49-26] cannot add Board Part xilinx.com:zcu102:part0:3.4 available at C:/Vivado/2024.1/data/xhub/boards/XilinxBoardStore/boards/Xilinx/zcu102/3.4/board.xml as part xczu9eg-ffvb1156-2-e specified in board_part file is either invalid or not available
WARNING: [Board 49-26] cannot add Board Part xilinx.com:zcu104:part0:1.1 available at C:/Vivado/2024.1/data/xhub/boards/XilinxBoardStore/boards/Xilinx/zcu104/1.1/board.xml as part xczu7ev-ffvc1156-2-e specified in board_part file is either invalid or not available
WARNING: [Board 49-26] cannot add Board Part xilinx.com:zcu106:part0:2.4 available at C:/Vivado/2024.1/data/xhub/boards/XilinxBoardStore/boards/Xilinx/zcu106/2.4/board.xml as part xczu7ev-ffvc1156-2-e specified in board_part file is either invalid or not available
WARNING: [Board 49-26] cannot add Board Part xilinx.com:zcu106:part0:2.5 available at C:/Vivado/2024.1/data/xhub/boards/XilinxBoardStore/boards/Xilinx/zcu106/2.5/board.xml as part xczu7ev-ffvc1156-2-e specified in board_part file is either invalid or not available
WARNING: [Board 49-26] cannot add Board Part xilinx.com:zcu106:part0:2.6 available at C:/Vivado/2024.1/data/xhub/boards/XilinxBoardStore/boards/Xilinx/zcu106/2.6/board.xml as part xczu7ev-ffvc1156-2-e specified in board_part file is either invalid or not available
WARNING: [Board 49-26] cannot add Board Part xilinx.com:zcu111:part0:1.2 available at C:/Vivado/2024.1/data/xhub/boards/XilinxBoardStore/boards/Xilinx/zcu111/1.2/board.xml as part xczu28dr-ffvg1517-2-e specified in board_part file is either invalid or not available
WARNING: [Board 49-26] cannot add Board Part xilinx.com:zcu111:part0:1.3 available at C:/Vivado/2024.1/data/xhub/boards/XilinxBoardStore/boards/Xilinx/zcu111/1.3/board.xml as part xczu28dr-ffvg1517-2-e specified in board_part file is either invalid or not available
WARNING: [Board 49-26] cannot add Board Part xilinx.com:zcu111:part0:1.4 available at C:/Vivado/2024.1/data/xhub/boards/XilinxBoardStore/boards/Xilinx/zcu111/1.4/board.xml as part xczu28dr-ffvg1517-2-e specified in board_part file is either invalid or not available
WARNING: [Board 49-26] cannot add Board Part xilinx.com:zcu1275:part0:1.0 available at C:/Vivado/2024.1/data/xhub/boards/XilinxBoardStore/boards/Xilinx/zcu1275/1.0/board.xml as part xczu29dr-ffvf1760-2-e specified in board_part file is either invalid or not available
WARNING: [Board 49-26] cannot add Board Part xilinx.com:zcu1285:part0:1.0 available at C:/Vivado/2024.1/data/xhub/boards/XilinxBoardStore/boards/Xilinx/zcu1285/1.0/board.xml as part xczu39dr-ffvf1760-2-i specified in board_part file is either invalid or not available
WARNING: [Board 49-26] cannot add Board Part xilinx.com:zcu208:part0:2.0 available at C:/Vivado/2024.1/data/xhub/boards/XilinxBoardStore/boards/Xilinx/zcu208/production/2.0/board.xml as part xczu48dr-fsvg1517-2-e specified in board_part file is either invalid or not available
WARNING: [Board 49-26] cannot add Board Part xilinx.com:zcu208ld:part0:2.0 available at C:/Vivado/2024.1/data/xhub/boards/XilinxBoardStore/boards/Xilinx/zcu208ld/production/2.0/board.xml as part xczu58dr-fsvg1517-2-i specified in board_part file is either invalid or not available
WARNING: [Board 49-26] cannot add Board Part xilinx.com:zcu216:part0:2.0 available at C:/Vivado/2024.1/data/xhub/boards/XilinxBoardStore/boards/Xilinx/zcu216/production/2.0/board.xml as part xczu49dr-ffvf1760-2-e specified in board_part file is either invalid or not available
WARNING: [Board 49-26] cannot add Board Part xilinx.com:zcu216ld:part0:2.0 available at C:/Vivado/2024.1/data/xhub/boards/XilinxBoardStore/boards/Xilinx/zcu216ld/production/2.0/board.xml as part xczu59dr-ffvf1760-2-i specified in board_part file is either invalid or not available
WARNING: [Board 49-26] cannot add Board Part xilinx.com:zcu670:part0:2.0 available at C:/Vivado/2024.1/data/xhub/boards/XilinxBoardStore/boards/Xilinx/zcu670/2.0/board.xml as part xczu67dr-fsve1156-2-i specified in board_part file is either invalid or not available
WARNING: [Board 49-26] cannot add Board Part xilinx.com:zcu670ld:part0:1.0 available at C:/Vivado/2024.1/data/xhub/boards/XilinxBoardStore/boards/Xilinx/zcu670ld/1.0/board.xml as part xczu57dr-fsve1156-2-i specified in board_part file is either invalid or not available
Scanning sources...
Finished scanning sources
INFO: [IP_Flow 19-234] Refreshing IP repositories
INFO: [IP_Flow 19-1704] No user IP repositories specified
INFO: [IP_Flow 19-2313] Loaded Vivado IP repository 'C:/Vivado/2024.1/data/ip'.
open_project: Time (s): cpu = 00:00:15 ; elapsed = 00:00:32 . Memory (MB): peak = 1588.098 ; gain = 517.043
update_compile_order -fileset sources_1
open_bd_design {C:/Users/axelo/OneDrive/Skrivebord/NyFPGA/NyFPGA.srcs/sources_1/bd/design_1/design_1.bd}
Reading block design file <C:/Users/axelo/OneDrive/Skrivebord/NyFPGA/NyFPGA.srcs/sources_1/bd/design_1/design_1.bd>...
Adding component instance block -- xilinx.com:ip:xadc_wiz:3.3 - xadc_wiz_0
Adding component instance block -- xilinx.com:ip:xlconstant:1.1 - xlconstant_0
Adding component instance block -- xilinx.com:module_ref:Shifter:1.0 - Shifter_0
Adding component instance block -- xilinx.com:ip:clk_wiz:6.0 - clk_wiz_0
Adding component instance block -- xilinx.com:ip:xpm_cdc_gen:1.0 - xpm_cdc_gen_0
Adding component instance block -- xilinx.com:module_ref:Correlator_TOF:1.0 - Correlator_TOF_0
Adding component instance block -- xilinx.com:ip:xlconstant:1.1 - xlconstant_1
Adding component instance block -- xilinx.com:module_ref:AlgM:1.0 - AlgM_0
Adding component instance block -- xilinx.com:module_ref:sat_sel:1.0 - sat_sel_0
Adding component instance block -- xilinx.com:module_ref:SPI_subnode:1.0 - SPI_subnode_0
Adding component instance block -- xilinx.com:module_ref:Sample2TOF:1.0 - Sample2TOF_0
Adding component instance block -- xilinx.com:module_ref:PosUpdateLatch:1.0 - PosUpdateLatch_0
Successfully read diagram <design_1> from block design file <C:/Users/axelo/OneDrive/Skrivebord/NyFPGA/NyFPGA.srcs/sources_1/bd/design_1/design_1.bd>
open_bd_design: Time (s): cpu = 00:00:01 ; elapsed = 00:00:09 . Memory (MB): peak = 1737.562 ; gain = 110.742
open_run synth_1 -name synth_1
Design is defaulting to impl run constrset: constrs_1
Design is defaulting to synth run part: xc7a200tsbg484-1
INFO: [Device 21-403] Loading part xc7a200tsbg484-1
INFO: [Device 21-9227] Part: xc7a200tsbg484-1 does not have CEAM library.
INFO: [Project 1-454] Reading design checkpoint 'c:/Users/axelo/OneDrive/Skrivebord/NyFPGA/NyFPGA.gen/sources_1/bd/design_1/ip/design_1_AlgM_0_0/design_1_AlgM_0_0.dcp' for cell 'design_1_i/AlgM_0'
INFO: [Project 1-454] Reading design checkpoint 'c:/Users/axelo/OneDrive/Skrivebord/NyFPGA/NyFPGA.gen/sources_1/bd/design_1/ip/design_1_Correlator_TOF_0_0/design_1_Correlator_TOF_0_0.dcp' for cell 'design_1_i/Correlator_TOF_0'
INFO: [Project 1-454] Reading design checkpoint 'c:/Users/axelo/OneDrive/Skrivebord/NyFPGA/NyFPGA.gen/sources_1/bd/design_1/ip/design_1_PosUpdateLatch_0_0/design_1_PosUpdateLatch_0_0.dcp' for cell 'design_1_i/PosUpdateLatch_0'
INFO: [Project 1-454] Reading design checkpoint 'c:/Users/axelo/OneDrive/Skrivebord/NyFPGA/NyFPGA.gen/sources_1/bd/design_1/ip/design_1_SPI_subnode_0_0/design_1_SPI_subnode_0_0.dcp' for cell 'design_1_i/SPI_subnode_0'
INFO: [Project 1-454] Reading design checkpoint 'c:/Users/axelo/OneDrive/Skrivebord/NyFPGA/NyFPGA.gen/sources_1/bd/design_1/ip/design_1_Sample2TOF_0_0/design_1_Sample2TOF_0_0.dcp' for cell 'design_1_i/Sample2TOF_0'
INFO: [Project 1-454] Reading design checkpoint 'c:/Users/axelo/OneDrive/Skrivebord/NyFPGA/NyFPGA.gen/sources_1/bd/design_1/ip/design_1_Shifter_0_0/design_1_Shifter_0_0.dcp' for cell 'design_1_i/Shifter_0'
INFO: [Project 1-454] Reading design checkpoint 'c:/Users/axelo/OneDrive/Skrivebord/NyFPGA/NyFPGA.gen/sources_1/bd/design_1/ip/design_1_clk_wiz_0_0/design_1_clk_wiz_0_0.dcp' for cell 'design_1_i/clk_wiz_0'
INFO: [Project 1-454] Reading design checkpoint 'c:/Users/axelo/OneDrive/Skrivebord/NyFPGA/NyFPGA.gen/sources_1/bd/design_1/ip/design_1_sat_sel_0_0/design_1_sat_sel_0_0.dcp' for cell 'design_1_i/sat_sel_0'
INFO: [Project 1-454] Reading design checkpoint 'c:/Users/axelo/OneDrive/Skrivebord/NyFPGA/NyFPGA.gen/sources_1/bd/design_1/ip/design_1_xadc_wiz_0_0/design_1_xadc_wiz_0_0.dcp' for cell 'design_1_i/xadc_wiz_0'
INFO: [Project 1-454] Reading design checkpoint 'c:/Users/axelo/OneDrive/Skrivebord/NyFPGA/NyFPGA.gen/sources_1/bd/design_1/ip/design_1_xpm_cdc_gen_0_0/design_1_xpm_cdc_gen_0_0.dcp' for cell 'design_1_i/xpm_cdc_gen_0'
INFO: [Project 1-454] Reading design checkpoint 'c:/Users/axelo/OneDrive/Skrivebord/NyFPGA/NyFPGA.srcs/sources_1/Alg_cal.gen/sources_1/ip/cordic_0/cordic_0.dcp' for cell 'design_1_i/AlgM_0/U0/cordic_SqrtRoot'
Netlist sorting complete. Time (s): cpu = 00:00:00 ; elapsed = 00:00:00.259 . Memory (MB): peak = 2288.520 ; gain = 0.000
INFO: [Netlist 29-17] Analyzing 2863 Unisim elements for replacement
INFO: [Netlist 29-28] Unisim Transformation completed in 0 CPU seconds
INFO: [Project 1-479] Netlist was created with Vivado 2024.1.2
INFO: [Project 1-570] Preparing netlist for logic optimization
Parsing XDC File [c:/Users/axelo/OneDrive/Skrivebord/NyFPGA/NyFPGA.gen/sources_1/bd/design_1/ip/design_1_xadc_wiz_0_0/design_1_xadc_wiz_0_0.xdc] for cell 'design_1_i/xadc_wiz_0/U0'
Finished Parsing XDC File [c:/Users/axelo/OneDrive/Skrivebord/NyFPGA/NyFPGA.gen/sources_1/bd/design_1/ip/design_1_xadc_wiz_0_0/design_1_xadc_wiz_0_0.xdc] for cell 'design_1_i/xadc_wiz_0/U0'
Parsing XDC File [c:/Users/axelo/OneDrive/Skrivebord/NyFPGA/NyFPGA.gen/sources_1/bd/design_1/ip/design_1_clk_wiz_0_0/design_1_clk_wiz_0_0_board.xdc] for cell 'design_1_i/clk_wiz_0/inst'
Finished Parsing XDC File [c:/Users/axelo/OneDrive/Skrivebord/NyFPGA/NyFPGA.gen/sources_1/bd/design_1/ip/design_1_clk_wiz_0_0/design_1_clk_wiz_0_0_board.xdc] for cell 'design_1_i/clk_wiz_0/inst'
Parsing XDC File [c:/Users/axelo/OneDrive/Skrivebord/NyFPGA/NyFPGA.gen/sources_1/bd/design_1/ip/design_1_clk_wiz_0_0/design_1_clk_wiz_0_0.xdc] for cell 'design_1_i/clk_wiz_0/inst'
INFO: [Timing 38-35] Done setting XDC timing constraints. [c:/Users/axelo/OneDrive/Skrivebord/NyFPGA/NyFPGA.gen/sources_1/bd/design_1/ip/design_1_clk_wiz_0_0/design_1_clk_wiz_0_0.xdc:54]
INFO: [Timing 38-2] Deriving generated clocks [c:/Users/axelo/OneDrive/Skrivebord/NyFPGA/NyFPGA.gen/sources_1/bd/design_1/ip/design_1_clk_wiz_0_0/design_1_clk_wiz_0_0.xdc:54]
Finished Parsing XDC File [c:/Users/axelo/OneDrive/Skrivebord/NyFPGA/NyFPGA.gen/sources_1/bd/design_1/ip/design_1_clk_wiz_0_0/design_1_clk_wiz_0_0.xdc] for cell 'design_1_i/clk_wiz_0/inst'
Parsing XDC File [C:/Users/axelo/OneDrive/Skrivebord/NyFPGA/NyFPGA.srcs/constrs_1/new/Constr.xdc]
Finished Parsing XDC File [C:/Users/axelo/OneDrive/Skrivebord/NyFPGA/NyFPGA.srcs/constrs_1/new/Constr.xdc]
INFO: [Project 1-1714] 1 XPM XDC files have been applied to the design.
INFO: [Opt 31-138] Pushed 0 inverter(s) to 0 load pin(s).
Netlist sorting complete. Time (s): cpu = 00:00:00 ; elapsed = 00:00:00.007 . Memory (MB): peak = 3051.094 ; gain = 0.000
INFO: [Project 1-111] Unisim Transformation Summary:
No Unisim elements were transformed.

open_run: Time (s): cpu = 00:00:13 ; elapsed = 00:00:42 . Memory (MB): peak = 3103.070 ; gain = 1337.391
open_bd_design {C:/Users/axelo/OneDrive/Skrivebord/NyFPGA/NyFPGA.srcs/sources_1/bd/design_1/design_1.bd}
set_property location {2 247 55} [get_bd_cells xlconstant_0]
set_property location {1 259 63} [get_bd_cells xlconstant_0]
set_property location {310 171} [get_bd_intf_ports Vaux1]
set_property location {275 205} [get_bd_intf_ports Vaux1]
undo
INFO: [Common 17-17] undo 'set_property location {275 205} [get_bd_intf_ports Vaux1]'
undo
INFO: [Common 17-17] undo 'set_property location {310 171} [get_bd_intf_ports Vaux1]'
startgroup
set_property location {4.5 1262 383} [get_bd_cells SPI_subnode_0]
set_property location {5 1262 383} [get_bd_cells PosUpdateLatch_0]
set_property location {5 1262 383} [get_bd_cells AlgM_0]
endgroup
startgroup
set_property location {4 747 135} [get_bd_cells SPI_subnode_0]
set_property location {4 747 355} [get_bd_cells PosUpdateLatch_0]
set_property location {4 747 495} [get_bd_cells AlgM_0]
endgroup
startgroup
set_property location {3 216 320} [get_bd_cells PosUpdateLatch_0]
set_property location {3 216 460} [get_bd_cells AlgM_0]
set_property location {3 216 100} [get_bd_cells SPI_subnode_0]
endgroup
startgroup
set_property location {3 115 66} [get_bd_cells SPI_subnode_0]
set_property location {3 115 286} [get_bd_cells PosUpdateLatch_0]
set_property location {3 115 426} [get_bd_cells AlgM_0]
endgroup
startgroup
set_property location {3 123 26} [get_bd_cells SPI_subnode_0]
set_property location {3 123 246} [get_bd_cells PosUpdateLatch_0]
set_property location {3 123 386} [get_bd_cells AlgM_0]
endgroup
startgroup
set_property location {3 129 17} [get_bd_cells SPI_subnode_0]
set_property location {3 129 237} [get_bd_cells PosUpdateLatch_0]
set_property location {3 129 377} [get_bd_cells AlgM_0]
endgroup
write_bd_layout -format pdf -orientation landscape C:/Users/axelo/OneDrive/Skrivebord/NyFPGA/NyFPGA.runs/impl_1/design_1.pdf
C:/Users/axelo/OneDrive/Skrivebord/NyFPGA/NyFPGA.runs/impl_1/design_1.pdf
regenerate_bd_layout
regenerate_bd_layout
regenerate_bd_layout
set_property location {6 1788 228} [get_bd_cells PosUpdateLatch_0]
set_property location {6.5 2143 258} [get_bd_cells SPI_subnode_0]
set_property location {7 2118 256} [get_bd_cells SPI_subnode_0]
set_property location {7 2132 266} [get_bd_cells SPI_subnode_0]
set_property location {7 2132 242} [get_bd_cells SPI_subnode_0]
set_property location {7 2123 255} [get_bd_cells SPI_subnode_0]
set_property location {7 2131 247} [get_bd_cells SPI_subnode_0]
set_property location {6.5 2048 297} [get_bd_cells SPI_subnode_0]
set_property location {2 316 227} [get_bd_cells xlconstant_1]
set_property location {2 292 369} [get_bd_cells xlconstant_1]
set_property location {3 661 294} [get_bd_cells Correlator_TOF_0]
startgroup
set_property location {3.5 1054 377} [get_bd_cells Sample2TOF_0]
set_property location {4 1054 377} [get_bd_cells sat_sel_0]
endgroup
startgroup
set_property location {4 1042 412} [get_bd_cells Sample2TOF_0]
set_property location {4 1042 92} [get_bd_cells sat_sel_0]
endgroup
startgroup
set_property location {4 1047 445} [get_bd_cells Sample2TOF_0]
set_property location {4 1047 125} [get_bd_cells sat_sel_0]
endgroup
startgroup
set_property location {4.5 1528 222} [get_bd_cells SPI_subnode_0]
set_property location {5 1528 222} [get_bd_cells AlgM_0]
set_property location {5 1528 222} [get_bd_cells PosUpdateLatch_0]
endgroup
startgroup
set_property location {4.5 1378 219} [get_bd_cells SPI_subnode_0]
set_property location {5 1378 219} [get_bd_cells PosUpdateLatch_0]
set_property location {5 1378 219} [get_bd_cells AlgM_0]
endgroup
set_property location {5.5 1720 417} [get_bd_cells SPI_subnode_0]
startgroup
set_property location {5 1262 486} [get_bd_cells PosUpdateLatch_0]
set_property location {5 1262 306} [get_bd_cells AlgM_0]
endgroup
startgroup
set_property location {5 1325 523} [get_bd_cells PosUpdateLatch_0]
set_property location {5 1325 173} [get_bd_cells AlgM_0]
endgroup
startgroup
set_property location {5 1321 577} [get_bd_cells PosUpdateLatch_0]
set_property location {5 1321 227} [get_bd_cells AlgM_0]
endgroup
startgroup
set_property location {5 1323 579} [get_bd_cells PosUpdateLatch_0]
set_property location {5 1323 229} [get_bd_cells AlgM_0]
endgroup
startgroup
set_property location {5 1326 564} [get_bd_cells PosUpdateLatch_0]
set_property location {5 1326 214} [get_bd_cells AlgM_0]
endgroup
set_property location {6 1709 265} [get_bd_cells SPI_subnode_0]
startgroup
set_property location {2501 98} [get_bd_ports dataValidOut]
set_property location {2501 -22} [get_bd_ports currentStateDebug]
set_property location {2501 238} [get_bd_ports MISO]
set_property location {2501 8} [get_bd_ports PosUpdateFlag]
set_property location {2501 -262} [get_bd_ports dest_pulse]
set_property location {2501 128} [get_bd_ports TOF_ready]
endgroup
exit
INFO: [Common 17-206] Exiting Vivado at Mon Dec  2 15:56:45 2024...
