Vivado Simulator v2024.1.2
Copyright 1986-2022 Xilinx, Inc. All Rights Reserved.
Copyright 2022-2024 Advanced Micro Devices, Inc. All Rights Reserved.
Running: C:/Vivado/2024.1/bin/unwrapped/win64.o/xelab.exe --incr --debug typical --relax --mt 2 -L xil_defaultlib -L unisims_ver -L secureip --snapshot design_1_wrapper_func_impl xil_defaultlib.design_1_wrapper xil_defaultlib.glbl -log elaborate.log 
Using 2 slave threads.
Starting static elaboration
Pass Through NonSizing Optimizer
Completed static elaboration
Starting simulation data flow analysis
Completed simulation data flow analysis
Time Resolution for simulation is 1ps
Compiling package std.standard
Compiling package std.textio
Compiling package ieee.std_logic_1164
Compiling package ieee.numeric_std
Compiling package unisim.vcomponents
Compiling package ieee.vital_timing
Compiling package ieee.vital_primitives
Compiling package unisim.vpkg
Compiling package ieee.std_logic_arith
Compiling package ieee.std_logic_signed
Compiling module xil_defaultlib.glbl
Compiling architecture ibuf_v of entity unisim.IBUF [\IBUF(1,9)(1,1)(1,4)(1,7)\]
Compiling architecture obuf_v of entity unisim.OBUF [\OBUF(1,9)(1,7)(1,4)\]
Compiling architecture dsp48e1_v of entity unisim.DSP48E1 [\DSP48E1(acascreg=0,alumodereg=0...]
Compiling architecture dsp48e1_v of entity unisim.DSP48E1 [\DSP48E1(alumodereg=0,bcascreg=0...]
Compiling architecture lut3_v of entity unisim.LUT3 [\LUT3(init="11001010")(0,7)\]
Compiling architecture carry4_v of entity unisim.CARRY4 [carry4_default]
Compiling architecture lut3_v of entity unisim.LUT3 [\LUT3(init="10010110")(0,7)\]
Compiling architecture lut2_v of entity unisim.LUT2 [\LUT2(init="0110")(0,3)\]
Compiling architecture lut1_v of entity unisim.LUT1 [\LUT1(init="0001")(0,3)\]
Compiling architecture lut2_v of entity unisim.LUT2 [\LUT2(init="1001")(0,3)\]
Compiling architecture lut3_v of entity unisim.LUT3 [\LUT3(init="00000100")(0,7)\]
Compiling architecture lut5_v of entity unisim.LUT5 [\LUT5(init="10101010010001011010...]
Compiling architecture lut3_v of entity unisim.LUT3 [\LUT3(init="11000110")(0,7)\]
Compiling architecture lut3_v of entity unisim.LUT3 [\LUT3(init="11101000")(0,7)\]
Compiling architecture fdre_v of entity unisim.FDRE [fdre_default]
Compiling architecture lut5_v of entity unisim.LUT5 [\LUT5(init="11111111111101110000...]
Compiling architecture srl16e_v of entity unisim.SRL16E [\SRL16E(0,15)\]
Compiling architecture structure of entity xil_defaultlib.cordic_0_xbip_pipe_v3_0_9_viv [cordic_0_xbip_pipe_v3_0_9_viv_de...]
Compiling architecture structure of entity xil_defaultlib.\cordic_0_delay__parameterized11_11\ [\cordic_0_delay__parameterized11...]
Compiling architecture structure of entity xil_defaultlib.\cordic_0_c_addsub_v12_0_18_lut6_legacy__parameterized1\ [\cordic_0_c_addsub_v12_0_18_lut6...]
Compiling architecture structure of entity xil_defaultlib.\cordic_0_c_addsub_v12_0_18_fabric_legacy__parameterized1\ [\cordic_0_c_addsub_v12_0_18_fabr...]
Compiling architecture structure of entity xil_defaultlib.\cordic_0_c_addsub_v12_0_18_legacy__parameterized1\ [\cordic_0_c_addsub_v12_0_18_lega...]
Compiling architecture structure of entity xil_defaultlib.\cordic_0_c_addsub_v12_0_18_viv__parameterized1\ [\cordic_0_c_addsub_v12_0_18_viv_...]
Compiling architecture structure of entity xil_defaultlib.\cordic_0_addsub__parameterized1\ [\cordic_0_addsub__parameterized1...]
Compiling architecture lut3_v of entity unisim.LUT3 [\LUT3(init="10111000")(0,7)\]
Compiling architecture structure of entity xil_defaultlib.\cordic_0_cordic_sqrt_mod__parameterized1\ [\cordic_0_cordic_sqrt_mod__param...]
Compiling architecture structure of entity xil_defaultlib.\cordic_0_delay__parameterized5_10\ [\cordic_0_delay__parameterized5_...]
Compiling architecture structure of entity xil_defaultlib.\cordic_0_delay__parameterized1\ [\cordic_0_delay__parameterized1_...]
Compiling architecture structure of entity xil_defaultlib.\cordic_0_delay__parameterized3\ [\cordic_0_delay__parameterized3_...]
Compiling architecture structure of entity xil_defaultlib.cordic_0_c_addsub_v12_0_18_lut6_legacy [cordic_0_c_addsub_v12_0_18_lut6_...]
Compiling architecture structure of entity xil_defaultlib.cordic_0_c_addsub_v12_0_18_fabric_legacy [cordic_0_c_addsub_v12_0_18_fabri...]
Compiling architecture structure of entity xil_defaultlib.cordic_0_c_addsub_v12_0_18_legacy [cordic_0_c_addsub_v12_0_18_legac...]
Compiling architecture structure of entity xil_defaultlib.cordic_0_c_addsub_v12_0_18_viv [cordic_0_c_addsub_v12_0_18_viv_d...]
Compiling architecture structure of entity xil_defaultlib.cordic_0_addsub [cordic_0_addsub_default]
Compiling architecture lut5_v of entity unisim.LUT5 [\LUT5(init="10111000111111111011...]
Compiling architecture structure of entity xil_defaultlib.cordic_0_cordic_sqrt_mod [cordic_0_cordic_sqrt_mod_default]
Compiling architecture structure of entity xil_defaultlib.\cordic_0_delay__parameterized11\ [\cordic_0_delay__parameterized11...]
Compiling architecture structure of entity xil_defaultlib.\cordic_0_delay__parameterized17\ [\cordic_0_delay__parameterized17...]
Compiling architecture structure of entity xil_defaultlib.\cordic_0_delay__parameterized19\ [\cordic_0_delay__parameterized19...]
Compiling architecture structure of entity xil_defaultlib.\cordic_0_c_addsub_v12_0_18_lut6_legacy__parameterized5\ [\cordic_0_c_addsub_v12_0_18_lut6...]
Compiling architecture structure of entity xil_defaultlib.\cordic_0_c_addsub_v12_0_18_fabric_legacy__parameterized5\ [\cordic_0_c_addsub_v12_0_18_fabr...]
Compiling architecture structure of entity xil_defaultlib.\cordic_0_c_addsub_v12_0_18_legacy__parameterized5\ [\cordic_0_c_addsub_v12_0_18_lega...]
Compiling architecture structure of entity xil_defaultlib.\cordic_0_c_addsub_v12_0_18_viv__parameterized5\ [\cordic_0_c_addsub_v12_0_18_viv_...]
Compiling architecture structure of entity xil_defaultlib.\cordic_0_addsub__parameterized5\ [\cordic_0_addsub__parameterized5...]
Compiling architecture structure of entity xil_defaultlib.\cordic_0_cordic_sqrt_mod__parameterized5\ [\cordic_0_cordic_sqrt_mod__param...]
Compiling architecture structure of entity xil_defaultlib.\cordic_0_delay__parameterized5\ [\cordic_0_delay__parameterized5_...]
Compiling architecture structure of entity xil_defaultlib.\cordic_0_c_addsub_v12_0_18_lut6_legacy__parameterized3\ [\cordic_0_c_addsub_v12_0_18_lut6...]
Compiling architecture structure of entity xil_defaultlib.\cordic_0_c_addsub_v12_0_18_fabric_legacy__parameterized3\ [\cordic_0_c_addsub_v12_0_18_fabr...]
Compiling architecture structure of entity xil_defaultlib.\cordic_0_c_addsub_v12_0_18_legacy__parameterized3\ [\cordic_0_c_addsub_v12_0_18_lega...]
Compiling architecture structure of entity xil_defaultlib.\cordic_0_c_addsub_v12_0_18_viv__parameterized3\ [\cordic_0_c_addsub_v12_0_18_viv_...]
Compiling architecture structure of entity xil_defaultlib.\cordic_0_addsub__parameterized3\ [\cordic_0_addsub__parameterized3...]
Compiling architecture structure of entity xil_defaultlib.\cordic_0_cordic_sqrt_mod__parameterized3\ [\cordic_0_cordic_sqrt_mod__param...]
Compiling architecture structure of entity xil_defaultlib.\cordic_0_delay__parameterized31_9\ [\cordic_0_delay__parameterized31...]
Compiling architecture structure of entity xil_defaultlib.\cordic_0_c_addsub_v12_0_18_lut6_legacy__parameterized9\ [\cordic_0_c_addsub_v12_0_18_lut6...]
Compiling architecture structure of entity xil_defaultlib.\cordic_0_c_addsub_v12_0_18_fabric_legacy__parameterized9\ [\cordic_0_c_addsub_v12_0_18_fabr...]
Compiling architecture structure of entity xil_defaultlib.\cordic_0_c_addsub_v12_0_18_legacy__parameterized9\ [\cordic_0_c_addsub_v12_0_18_lega...]
Compiling architecture structure of entity xil_defaultlib.\cordic_0_c_addsub_v12_0_18_viv__parameterized9\ [\cordic_0_c_addsub_v12_0_18_viv_...]
Compiling architecture structure of entity xil_defaultlib.\cordic_0_addsub__parameterized9\ [\cordic_0_addsub__parameterized9...]
Compiling architecture structure of entity xil_defaultlib.\cordic_0_cordic_sqrt_mod__parameterized9\ [\cordic_0_cordic_sqrt_mod__param...]
Compiling architecture structure of entity xil_defaultlib.\cordic_0_delay__parameterized25_8\ [\cordic_0_delay__parameterized25...]
Compiling architecture structure of entity xil_defaultlib.\cordic_0_delay__parameterized21\ [\cordic_0_delay__parameterized21...]
Compiling architecture structure of entity xil_defaultlib.\cordic_0_delay__parameterized23\ [\cordic_0_delay__parameterized23...]
Compiling architecture structure of entity xil_defaultlib.\cordic_0_c_addsub_v12_0_18_lut6_legacy__parameterized7\ [\cordic_0_c_addsub_v12_0_18_lut6...]
Compiling architecture structure of entity xil_defaultlib.\cordic_0_c_addsub_v12_0_18_fabric_legacy__parameterized7\ [\cordic_0_c_addsub_v12_0_18_fabr...]
Compiling architecture structure of entity xil_defaultlib.\cordic_0_c_addsub_v12_0_18_legacy__parameterized7\ [\cordic_0_c_addsub_v12_0_18_lega...]
Compiling architecture structure of entity xil_defaultlib.\cordic_0_c_addsub_v12_0_18_viv__parameterized7\ [\cordic_0_c_addsub_v12_0_18_viv_...]
Compiling architecture structure of entity xil_defaultlib.\cordic_0_addsub__parameterized7\ [\cordic_0_addsub__parameterized7...]
Compiling architecture structure of entity xil_defaultlib.\cordic_0_cordic_sqrt_mod__parameterized7\ [\cordic_0_cordic_sqrt_mod__param...]
Compiling architecture structure of entity xil_defaultlib.\cordic_0_delay__parameterized31\ [\cordic_0_delay__parameterized31...]
Compiling architecture structure of entity xil_defaultlib.\cordic_0_delay__parameterized37\ [\cordic_0_delay__parameterized37...]
Compiling architecture structure of entity xil_defaultlib.\cordic_0_delay__parameterized39\ [\cordic_0_delay__parameterized39...]
Compiling architecture structure of entity xil_defaultlib.\cordic_0_c_addsub_v12_0_18_lut6_legacy__parameterized13\ [\cordic_0_c_addsub_v12_0_18_lut6...]
Compiling architecture structure of entity xil_defaultlib.\cordic_0_c_addsub_v12_0_18_fabric_legacy__parameterized13\ [\cordic_0_c_addsub_v12_0_18_fabr...]
Compiling architecture structure of entity xil_defaultlib.\cordic_0_c_addsub_v12_0_18_legacy__parameterized13\ [\cordic_0_c_addsub_v12_0_18_lega...]
Compiling architecture structure of entity xil_defaultlib.\cordic_0_c_addsub_v12_0_18_viv__parameterized13\ [\cordic_0_c_addsub_v12_0_18_viv_...]
Compiling architecture structure of entity xil_defaultlib.\cordic_0_addsub__parameterized13\ [\cordic_0_addsub__parameterized1...]
Compiling architecture structure of entity xil_defaultlib.\cordic_0_cordic_sqrt_mod__parameterized13\ [\cordic_0_cordic_sqrt_mod__param...]
Compiling architecture structure of entity xil_defaultlib.\cordic_0_delay__parameterized25\ [\cordic_0_delay__parameterized25...]
Compiling architecture structure of entity xil_defaultlib.\cordic_0_c_addsub_v12_0_18_lut6_legacy__parameterized11\ [\cordic_0_c_addsub_v12_0_18_lut6...]
Compiling architecture structure of entity xil_defaultlib.\cordic_0_c_addsub_v12_0_18_fabric_legacy__parameterized11\ [\cordic_0_c_addsub_v12_0_18_fabr...]
Compiling architecture structure of entity xil_defaultlib.\cordic_0_c_addsub_v12_0_18_legacy__parameterized11\ [\cordic_0_c_addsub_v12_0_18_lega...]
Compiling architecture structure of entity xil_defaultlib.\cordic_0_c_addsub_v12_0_18_viv__parameterized11\ [\cordic_0_c_addsub_v12_0_18_viv_...]
Compiling architecture structure of entity xil_defaultlib.\cordic_0_addsub__parameterized11\ [\cordic_0_addsub__parameterized1...]
Compiling architecture structure of entity xil_defaultlib.\cordic_0_cordic_sqrt_mod__parameterized11\ [\cordic_0_cordic_sqrt_mod__param...]
Compiling architecture structure of entity xil_defaultlib.\cordic_0_delay__parameterized51_7\ [\cordic_0_delay__parameterized51...]
Compiling architecture structure of entity xil_defaultlib.\cordic_0_c_addsub_v12_0_18_lut6_legacy__parameterized17\ [\cordic_0_c_addsub_v12_0_18_lut6...]
Compiling architecture structure of entity xil_defaultlib.\cordic_0_c_addsub_v12_0_18_fabric_legacy__parameterized17\ [\cordic_0_c_addsub_v12_0_18_fabr...]
Compiling architecture structure of entity xil_defaultlib.\cordic_0_c_addsub_v12_0_18_legacy__parameterized17\ [\cordic_0_c_addsub_v12_0_18_lega...]
Compiling architecture structure of entity xil_defaultlib.\cordic_0_c_addsub_v12_0_18_viv__parameterized17\ [\cordic_0_c_addsub_v12_0_18_viv_...]
Compiling architecture structure of entity xil_defaultlib.\cordic_0_addsub__parameterized17\ [\cordic_0_addsub__parameterized1...]
Compiling architecture structure of entity xil_defaultlib.\cordic_0_cordic_sqrt_mod__parameterized17\ [\cordic_0_cordic_sqrt_mod__param...]
Compiling architecture structure of entity xil_defaultlib.\cordic_0_delay__parameterized45_6\ [\cordic_0_delay__parameterized45...]
Compiling architecture structure of entity xil_defaultlib.\cordic_0_delay__parameterized41\ [\cordic_0_delay__parameterized41...]
Compiling architecture structure of entity xil_defaultlib.\cordic_0_delay__parameterized43\ [\cordic_0_delay__parameterized43...]
Compiling architecture structure of entity xil_defaultlib.\cordic_0_c_addsub_v12_0_18_lut6_legacy__parameterized15\ [\cordic_0_c_addsub_v12_0_18_lut6...]
Compiling architecture structure of entity xil_defaultlib.\cordic_0_c_addsub_v12_0_18_fabric_legacy__parameterized15\ [\cordic_0_c_addsub_v12_0_18_fabr...]
Compiling architecture structure of entity xil_defaultlib.\cordic_0_c_addsub_v12_0_18_legacy__parameterized15\ [\cordic_0_c_addsub_v12_0_18_lega...]
Compiling architecture structure of entity xil_defaultlib.\cordic_0_c_addsub_v12_0_18_viv__parameterized15\ [\cordic_0_c_addsub_v12_0_18_viv_...]
Compiling architecture structure of entity xil_defaultlib.\cordic_0_addsub__parameterized15\ [\cordic_0_addsub__parameterized1...]
Compiling architecture structure of entity xil_defaultlib.\cordic_0_cordic_sqrt_mod__parameterized15\ [\cordic_0_cordic_sqrt_mod__param...]
Compiling architecture structure of entity xil_defaultlib.\cordic_0_delay__parameterized51\ [\cordic_0_delay__parameterized51...]
Compiling architecture structure of entity xil_defaultlib.\cordic_0_delay__parameterized57\ [\cordic_0_delay__parameterized57...]
Compiling architecture structure of entity xil_defaultlib.\cordic_0_delay__parameterized59\ [\cordic_0_delay__parameterized59...]
Compiling architecture structure of entity xil_defaultlib.\cordic_0_c_addsub_v12_0_18_lut6_legacy__parameterized21\ [\cordic_0_c_addsub_v12_0_18_lut6...]
Compiling architecture structure of entity xil_defaultlib.\cordic_0_c_addsub_v12_0_18_fabric_legacy__parameterized21\ [\cordic_0_c_addsub_v12_0_18_fabr...]
Compiling architecture structure of entity xil_defaultlib.\cordic_0_c_addsub_v12_0_18_legacy__parameterized21\ [\cordic_0_c_addsub_v12_0_18_lega...]
Compiling architecture structure of entity xil_defaultlib.\cordic_0_c_addsub_v12_0_18_viv__parameterized21\ [\cordic_0_c_addsub_v12_0_18_viv_...]
Compiling architecture structure of entity xil_defaultlib.\cordic_0_addsub__parameterized21\ [\cordic_0_addsub__parameterized2...]
Compiling architecture structure of entity xil_defaultlib.\cordic_0_cordic_sqrt_mod__parameterized21\ [\cordic_0_cordic_sqrt_mod__param...]
Compiling architecture structure of entity xil_defaultlib.\cordic_0_delay__parameterized45\ [\cordic_0_delay__parameterized45...]
Compiling architecture structure of entity xil_defaultlib.\cordic_0_c_addsub_v12_0_18_lut6_legacy__parameterized19\ [\cordic_0_c_addsub_v12_0_18_lut6...]
Compiling architecture structure of entity xil_defaultlib.\cordic_0_c_addsub_v12_0_18_fabric_legacy__parameterized19\ [\cordic_0_c_addsub_v12_0_18_fabr...]
Compiling architecture structure of entity xil_defaultlib.\cordic_0_c_addsub_v12_0_18_legacy__parameterized19\ [\cordic_0_c_addsub_v12_0_18_lega...]
Compiling architecture structure of entity xil_defaultlib.\cordic_0_c_addsub_v12_0_18_viv__parameterized19\ [\cordic_0_c_addsub_v12_0_18_viv_...]
Compiling architecture structure of entity xil_defaultlib.\cordic_0_addsub__parameterized19\ [\cordic_0_addsub__parameterized1...]
Compiling architecture structure of entity xil_defaultlib.\cordic_0_cordic_sqrt_mod__parameterized19\ [\cordic_0_cordic_sqrt_mod__param...]
Compiling architecture structure of entity xil_defaultlib.\cordic_0_delay__parameterized71_5\ [\cordic_0_delay__parameterized71...]
Compiling architecture structure of entity xil_defaultlib.\cordic_0_c_addsub_v12_0_18_lut6_legacy__parameterized25\ [\cordic_0_c_addsub_v12_0_18_lut6...]
Compiling architecture structure of entity xil_defaultlib.\cordic_0_c_addsub_v12_0_18_fabric_legacy__parameterized25\ [\cordic_0_c_addsub_v12_0_18_fabr...]
Compiling architecture structure of entity xil_defaultlib.\cordic_0_c_addsub_v12_0_18_legacy__parameterized25\ [\cordic_0_c_addsub_v12_0_18_lega...]
Compiling architecture structure of entity xil_defaultlib.\cordic_0_c_addsub_v12_0_18_viv__parameterized25\ [\cordic_0_c_addsub_v12_0_18_viv_...]
Compiling architecture structure of entity xil_defaultlib.\cordic_0_addsub__parameterized25\ [\cordic_0_addsub__parameterized2...]
Compiling architecture structure of entity xil_defaultlib.\cordic_0_cordic_sqrt_mod__parameterized25\ [\cordic_0_cordic_sqrt_mod__param...]
Compiling architecture structure of entity xil_defaultlib.\cordic_0_delay__parameterized65_4\ [\cordic_0_delay__parameterized65...]
Compiling architecture structure of entity xil_defaultlib.\cordic_0_delay__parameterized61\ [\cordic_0_delay__parameterized61...]
Compiling architecture structure of entity xil_defaultlib.\cordic_0_delay__parameterized63\ [\cordic_0_delay__parameterized63...]
Compiling architecture structure of entity xil_defaultlib.\cordic_0_c_addsub_v12_0_18_lut6_legacy__parameterized23\ [\cordic_0_c_addsub_v12_0_18_lut6...]
Compiling architecture structure of entity xil_defaultlib.\cordic_0_c_addsub_v12_0_18_fabric_legacy__parameterized23\ [\cordic_0_c_addsub_v12_0_18_fabr...]
Compiling architecture structure of entity xil_defaultlib.\cordic_0_c_addsub_v12_0_18_legacy__parameterized23\ [\cordic_0_c_addsub_v12_0_18_lega...]
Compiling architecture structure of entity xil_defaultlib.\cordic_0_c_addsub_v12_0_18_viv__parameterized23\ [\cordic_0_c_addsub_v12_0_18_viv_...]
Compiling architecture structure of entity xil_defaultlib.\cordic_0_addsub__parameterized23\ [\cordic_0_addsub__parameterized2...]
Compiling architecture structure of entity xil_defaultlib.\cordic_0_cordic_sqrt_mod__parameterized23\ [\cordic_0_cordic_sqrt_mod__param...]
Compiling architecture structure of entity xil_defaultlib.\cordic_0_delay__parameterized71\ [\cordic_0_delay__parameterized71...]
Compiling architecture structure of entity xil_defaultlib.\cordic_0_delay__parameterized77\ [\cordic_0_delay__parameterized77...]
Compiling architecture structure of entity xil_defaultlib.\cordic_0_delay__parameterized79\ [\cordic_0_delay__parameterized79...]
Compiling architecture structure of entity xil_defaultlib.\cordic_0_c_addsub_v12_0_18_lut6_legacy__parameterized29\ [\cordic_0_c_addsub_v12_0_18_lut6...]
Compiling architecture structure of entity xil_defaultlib.\cordic_0_c_addsub_v12_0_18_fabric_legacy__parameterized29\ [\cordic_0_c_addsub_v12_0_18_fabr...]
Compiling architecture structure of entity xil_defaultlib.\cordic_0_c_addsub_v12_0_18_legacy__parameterized29\ [\cordic_0_c_addsub_v12_0_18_lega...]
Compiling architecture structure of entity xil_defaultlib.\cordic_0_c_addsub_v12_0_18_viv__parameterized29\ [\cordic_0_c_addsub_v12_0_18_viv_...]
Compiling architecture structure of entity xil_defaultlib.\cordic_0_addsub__parameterized29\ [\cordic_0_addsub__parameterized2...]
Compiling architecture structure of entity xil_defaultlib.\cordic_0_cordic_sqrt_mod__parameterized29\ [\cordic_0_cordic_sqrt_mod__param...]
Compiling architecture structure of entity xil_defaultlib.\cordic_0_delay__parameterized65\ [\cordic_0_delay__parameterized65...]
Compiling architecture structure of entity xil_defaultlib.\cordic_0_c_addsub_v12_0_18_lut6_legacy__parameterized27\ [\cordic_0_c_addsub_v12_0_18_lut6...]
Compiling architecture structure of entity xil_defaultlib.\cordic_0_c_addsub_v12_0_18_fabric_legacy__parameterized27\ [\cordic_0_c_addsub_v12_0_18_fabr...]
Compiling architecture structure of entity xil_defaultlib.\cordic_0_c_addsub_v12_0_18_legacy__parameterized27\ [\cordic_0_c_addsub_v12_0_18_lega...]
Compiling architecture structure of entity xil_defaultlib.\cordic_0_c_addsub_v12_0_18_viv__parameterized27\ [\cordic_0_c_addsub_v12_0_18_viv_...]
Compiling architecture structure of entity xil_defaultlib.\cordic_0_addsub__parameterized27\ [\cordic_0_addsub__parameterized2...]
Compiling architecture structure of entity xil_defaultlib.\cordic_0_cordic_sqrt_mod__parameterized27\ [\cordic_0_cordic_sqrt_mod__param...]
Compiling architecture structure of entity xil_defaultlib.\cordic_0_delay__parameterized91_3\ [\cordic_0_delay__parameterized91...]
Compiling architecture structure of entity xil_defaultlib.\cordic_0_c_addsub_v12_0_18_lut6_legacy__parameterized33\ [\cordic_0_c_addsub_v12_0_18_lut6...]
Compiling architecture structure of entity xil_defaultlib.\cordic_0_c_addsub_v12_0_18_fabric_legacy__parameterized33\ [\cordic_0_c_addsub_v12_0_18_fabr...]
Compiling architecture structure of entity xil_defaultlib.\cordic_0_c_addsub_v12_0_18_legacy__parameterized33\ [\cordic_0_c_addsub_v12_0_18_lega...]
Compiling architecture structure of entity xil_defaultlib.\cordic_0_c_addsub_v12_0_18_viv__parameterized33\ [\cordic_0_c_addsub_v12_0_18_viv_...]
Compiling architecture structure of entity xil_defaultlib.\cordic_0_addsub__parameterized33\ [\cordic_0_addsub__parameterized3...]
Compiling architecture structure of entity xil_defaultlib.\cordic_0_cordic_sqrt_mod__parameterized33\ [\cordic_0_cordic_sqrt_mod__param...]
Compiling architecture structure of entity xil_defaultlib.\cordic_0_delay__parameterized85_2\ [\cordic_0_delay__parameterized85...]
Compiling architecture structure of entity xil_defaultlib.\cordic_0_delay__parameterized81\ [\cordic_0_delay__parameterized81...]
Compiling architecture structure of entity xil_defaultlib.\cordic_0_delay__parameterized83\ [\cordic_0_delay__parameterized83...]
Compiling architecture structure of entity xil_defaultlib.\cordic_0_c_addsub_v12_0_18_lut6_legacy__parameterized31\ [\cordic_0_c_addsub_v12_0_18_lut6...]
Compiling architecture structure of entity xil_defaultlib.\cordic_0_c_addsub_v12_0_18_fabric_legacy__parameterized31\ [\cordic_0_c_addsub_v12_0_18_fabr...]
Compiling architecture structure of entity xil_defaultlib.\cordic_0_c_addsub_v12_0_18_legacy__parameterized31\ [\cordic_0_c_addsub_v12_0_18_lega...]
Compiling architecture structure of entity xil_defaultlib.\cordic_0_c_addsub_v12_0_18_viv__parameterized31\ [\cordic_0_c_addsub_v12_0_18_viv_...]
Compiling architecture structure of entity xil_defaultlib.\cordic_0_addsub__parameterized31\ [\cordic_0_addsub__parameterized3...]
Compiling architecture structure of entity xil_defaultlib.\cordic_0_cordic_sqrt_mod__parameterized31\ [\cordic_0_cordic_sqrt_mod__param...]
Compiling architecture structure of entity xil_defaultlib.\cordic_0_delay__parameterized91\ [\cordic_0_delay__parameterized91...]
Compiling architecture structure of entity xil_defaultlib.\cordic_0_delay__parameterized97\ [\cordic_0_delay__parameterized97...]
Compiling architecture structure of entity xil_defaultlib.\cordic_0_delay__parameterized99\ [\cordic_0_delay__parameterized99...]
Compiling architecture structure of entity xil_defaultlib.\cordic_0_c_addsub_v12_0_18_lut6_legacy__parameterized37\ [\cordic_0_c_addsub_v12_0_18_lut6...]
Compiling architecture structure of entity xil_defaultlib.\cordic_0_c_addsub_v12_0_18_fabric_legacy__parameterized37\ [\cordic_0_c_addsub_v12_0_18_fabr...]
Compiling architecture structure of entity xil_defaultlib.\cordic_0_c_addsub_v12_0_18_legacy__parameterized37\ [\cordic_0_c_addsub_v12_0_18_lega...]
Compiling architecture structure of entity xil_defaultlib.\cordic_0_c_addsub_v12_0_18_viv__parameterized37\ [\cordic_0_c_addsub_v12_0_18_viv_...]
Compiling architecture structure of entity xil_defaultlib.\cordic_0_addsub__parameterized37\ [\cordic_0_addsub__parameterized3...]
Compiling architecture structure of entity xil_defaultlib.\cordic_0_cordic_sqrt_mod__parameterized37\ [\cordic_0_cordic_sqrt_mod__param...]
Compiling architecture structure of entity xil_defaultlib.\cordic_0_delay__parameterized85\ [\cordic_0_delay__parameterized85...]
Compiling architecture structure of entity xil_defaultlib.\cordic_0_c_addsub_v12_0_18_lut6_legacy__parameterized35\ [\cordic_0_c_addsub_v12_0_18_lut6...]
Compiling architecture structure of entity xil_defaultlib.\cordic_0_c_addsub_v12_0_18_fabric_legacy__parameterized35\ [\cordic_0_c_addsub_v12_0_18_fabr...]
Compiling architecture structure of entity xil_defaultlib.\cordic_0_c_addsub_v12_0_18_legacy__parameterized35\ [\cordic_0_c_addsub_v12_0_18_lega...]
Compiling architecture structure of entity xil_defaultlib.\cordic_0_c_addsub_v12_0_18_viv__parameterized35\ [\cordic_0_c_addsub_v12_0_18_viv_...]
Compiling architecture structure of entity xil_defaultlib.\cordic_0_addsub__parameterized35\ [\cordic_0_addsub__parameterized3...]
Compiling architecture structure of entity xil_defaultlib.\cordic_0_cordic_sqrt_mod__parameterized35\ [\cordic_0_cordic_sqrt_mod__param...]
Compiling architecture structure of entity xil_defaultlib.\cordic_0_delay__parameterized111_1\ [\cordic_0_delay__parameterized11...]
Compiling architecture structure of entity xil_defaultlib.\cordic_0_c_addsub_v12_0_18_lut6_legacy__parameterized41\ [\cordic_0_c_addsub_v12_0_18_lut6...]
Compiling architecture structure of entity xil_defaultlib.\cordic_0_c_addsub_v12_0_18_fabric_legacy__parameterized41\ [\cordic_0_c_addsub_v12_0_18_fabr...]
Compiling architecture structure of entity xil_defaultlib.\cordic_0_c_addsub_v12_0_18_legacy__parameterized41\ [\cordic_0_c_addsub_v12_0_18_lega...]
Compiling architecture structure of entity xil_defaultlib.\cordic_0_c_addsub_v12_0_18_viv__parameterized41\ [\cordic_0_c_addsub_v12_0_18_viv_...]
Compiling architecture structure of entity xil_defaultlib.\cordic_0_addsub__parameterized41\ [\cordic_0_addsub__parameterized4...]
Compiling architecture structure of entity xil_defaultlib.\cordic_0_cordic_sqrt_mod__parameterized41\ [\cordic_0_cordic_sqrt_mod__param...]
Compiling architecture structure of entity xil_defaultlib.\cordic_0_delay__parameterized101\ [\cordic_0_delay__parameterized10...]
Compiling architecture structure of entity xil_defaultlib.\cordic_0_delay__parameterized103\ [\cordic_0_delay__parameterized10...]
Compiling architecture structure of entity xil_defaultlib.\cordic_0_c_addsub_v12_0_18_lut6_legacy__parameterized39\ [\cordic_0_c_addsub_v12_0_18_lut6...]
Compiling architecture structure of entity xil_defaultlib.\cordic_0_c_addsub_v12_0_18_fabric_legacy__parameterized39\ [\cordic_0_c_addsub_v12_0_18_fabr...]
Compiling architecture structure of entity xil_defaultlib.\cordic_0_c_addsub_v12_0_18_legacy__parameterized39\ [\cordic_0_c_addsub_v12_0_18_lega...]
Compiling architecture structure of entity xil_defaultlib.\cordic_0_c_addsub_v12_0_18_viv__parameterized39\ [\cordic_0_c_addsub_v12_0_18_viv_...]
Compiling architecture structure of entity xil_defaultlib.\cordic_0_addsub__parameterized39\ [\cordic_0_addsub__parameterized3...]
Compiling architecture lut2_v of entity unisim.LUT2 [\LUT2(init="0100")(0,3)\]
Compiling architecture structure of entity xil_defaultlib.\cordic_0_cordic_sqrt_mod__parameterized39\ [\cordic_0_cordic_sqrt_mod__param...]
Compiling architecture structure of entity xil_defaultlib.\cordic_0_delay__parameterized113\ [\cordic_0_delay__parameterized11...]
Compiling architecture structure of entity xil_defaultlib.\cordic_0_delay__parameterized111\ [\cordic_0_delay__parameterized11...]
Compiling architecture structure of entity xil_defaultlib.\cordic_0_delay__parameterized113_0\ [\cordic_0_delay__parameterized11...]
Compiling architecture structure of entity xil_defaultlib.\cordic_0_c_addsub_v12_0_18_lut6_legacy__parameterized43\ [\cordic_0_c_addsub_v12_0_18_lut6...]
Compiling architecture structure of entity xil_defaultlib.\cordic_0_c_addsub_v12_0_18_fabric_legacy__parameterized43\ [\cordic_0_c_addsub_v12_0_18_fabr...]
Compiling architecture structure of entity xil_defaultlib.\cordic_0_c_addsub_v12_0_18_legacy__parameterized43\ [\cordic_0_c_addsub_v12_0_18_lega...]
Compiling architecture structure of entity xil_defaultlib.\cordic_0_c_addsub_v12_0_18_viv__parameterized43\ [\cordic_0_c_addsub_v12_0_18_viv_...]
Compiling architecture structure of entity xil_defaultlib.\cordic_0_addsub__parameterized43\ [\cordic_0_addsub__parameterized4...]
Compiling architecture structure of entity xil_defaultlib.\cordic_0_cordic_sqrt_mod__parameterized43\ [\cordic_0_cordic_sqrt_mod__param...]
Compiling architecture structure of entity xil_defaultlib.\cordic_0_delay_bit__parameterized1\ [\cordic_0_delay_bit__parameteriz...]
Compiling architecture structure of entity xil_defaultlib.cordic_0_cordic_sqrt [cordic_0_cordic_sqrt_default]
Compiling architecture structure of entity xil_defaultlib.cordic_0_cordic_v6_0_22_synth [cordic_0_cordic_v6_0_22_synth_de...]
Compiling architecture structure of entity xil_defaultlib.cordic_0_cordic_v6_0_22_viv [cordic_0_cordic_v6_0_22_viv_defa...]
Compiling architecture structure of entity xil_defaultlib.cordic_0_cordic_v6_0_22 [cordic_0_cordic_v6_0_22_default]
Compiling architecture structure of entity xil_defaultlib.cordic_0 [cordic_0_default]
Compiling architecture lut6_v of entity unisim.LUT6 [\LUT6(init="10101010101010101110...]
Compiling architecture dsp48e1_v of entity unisim.DSP48E1 [\DSP48E1(acascreg=0,alumodereg=0...]
Compiling architecture lut2_v of entity unisim.LUT2 [\LUT2(init="1000")(0,3)\]
Compiling architecture lut4_v of entity unisim.LUT4 [\LUT4(init="0101010111110111")(0...]
Compiling architecture lut6_v of entity unisim.LUT6 [\LUT6(init="10111110111010110010...]
Compiling architecture lut5_v of entity unisim.LUT5 [\LUT5(init="11101110111010001110...]
Compiling architecture lut6_v of entity unisim.LUT6 [\LUT6(init="01101001100101101001...]
Compiling architecture lut5_v of entity unisim.LUT5 [\LUT5(init="00000000010100011111...]
Compiling architecture lut3_v of entity unisim.LUT3 [\LUT3(init="01101001")(0,7)\]
Compiling architecture lut6_v of entity unisim.LUT6 [\LUT6(init="00000001010100011010...]
Compiling architecture lut3_v of entity unisim.LUT3 [\LUT3(init="11010100")(0,7)\]
Compiling architecture lut6_v of entity unisim.LUT6 [\LUT6(init="10001110011100010111...]
Compiling architecture lut5_v of entity unisim.LUT5 [\LUT5(init="11111110101011100101...]
Compiling architecture lut5_v of entity unisim.LUT5 [\LUT5(init="10100011101111101000...]
Compiling architecture lut6_v of entity unisim.LUT6 [\LUT6(init="11101011101111101000...]
Compiling architecture lut6_v of entity unisim.LUT6 [\LUT6(init="10100101100101100101...]
Compiling architecture lut2_v of entity unisim.LUT2 [\LUT2(init="1110")(0,3)\]
Compiling architecture lut3_v of entity unisim.LUT3 [\LUT3(init="11100001")(0,7)\]
Compiling architecture lut4_v of entity unisim.LUT4 [\LUT4(init="0001111011100001")(0...]
Compiling architecture lut5_v of entity unisim.LUT5 [\LUT5(init="01110001100011101000...]
Compiling architecture lut2_v of entity unisim.LUT2 [\LUT2(init="0010")(0,3)\]
Compiling architecture lut4_v of entity unisim.LUT4 [\LUT4(init="1011010001001011")(0...]
Compiling architecture lut5_v of entity unisim.LUT5 [\LUT5(init="10111010101110111000...]
Compiling architecture lut5_v of entity unisim.LUT5 [\LUT5(init="00111010111010110010...]
Compiling architecture lut5_v of entity unisim.LUT5 [\LUT5(init="01101010101010011001...]
Compiling architecture lut6_v of entity unisim.LUT6 [\LUT6(init="01011010011010011010...]
Compiling architecture lut5_v of entity unisim.LUT5 [\LUT5(init="10101010101010101100...]
Compiling architecture lut3_v of entity unisim.LUT3 [\LUT3(init="01001011")(0,7)\]
Compiling architecture lut5_v of entity unisim.LUT5 [\LUT5(init="11001010110001010011...]
Compiling architecture lut6_v of entity unisim.LUT6 [\LUT6(init="01010101010101100110...]
Compiling architecture lut4_v of entity unisim.LUT4 [\LUT4(init="0000000001110000")(0...]
Compiling architecture lut3_v of entity unisim.LUT3 [\LUT3(init="10001110")(0,7)\]
Compiling architecture lut6_v of entity unisim.LUT6 [\LUT6(init="11010100001010110010...]
Compiling architecture lut4_v of entity unisim.LUT4 [\LUT4(init="0010101010101011")(0...]
Compiling architecture lut2_v of entity unisim.LUT2 [\LUT2(init="1011")(0,3)\]
Compiling architecture lut4_v of entity unisim.LUT4 [\LUT4(init="0001010101010111")(0...]
Compiling architecture lut4_v of entity unisim.LUT4 [\LUT4(init="0010110111010010")(0...]
Compiling architecture lut4_v of entity unisim.LUT4 [\LUT4(init="1101001000101101")(0...]
Compiling architecture lut5_v of entity unisim.LUT5 [\LUT5(init="01101001100101100110...]
Compiling architecture lut4_v of entity unisim.LUT4 [\LUT4(init="0100101110110100")(0...]
Compiling architecture lut4_v of entity unisim.LUT4 [\LUT4(init="0000010011101100")(0...]
Compiling architecture lut4_v of entity unisim.LUT4 [\LUT4(init="1110000100011110")(0...]
Compiling architecture lut5_v of entity unisim.LUT5 [\LUT5(init="00101011110101001101...]
Compiling architecture lut6_v of entity unisim.LUT6 [\LUT6(init="00000000111111111111...]
Compiling architecture lut3_v of entity unisim.LUT3 [\LUT3(init="10111010")(0,7)\]
Compiling architecture lut4_v of entity unisim.LUT4 [\LUT4(init="0110100110010110")(0...]
Compiling architecture lut4_v of entity unisim.LUT4 [\LUT4(init="1001011001100110")(0...]
Compiling architecture lut4_v of entity unisim.LUT4 [\LUT4(init="1000011101111000")(0...]
Compiling architecture lut6_v of entity unisim.LUT6 [\LUT6(init="01101001011010010110...]
Compiling architecture lut4_v of entity unisim.LUT4 [\LUT4(init="1010100110010101")(0...]
Compiling architecture lut5_v of entity unisim.LUT5 [\LUT5(init="11101000000101110001...]
Compiling architecture lut5_v of entity unisim.LUT5 [\LUT5(init="00110110011011001100...]
Compiling architecture lut6_v of entity unisim.LUT6 [\LUT6(init="01101001100110011001...]
Compiling architecture lut4_v of entity unisim.LUT4 [\LUT4(init="0101011001101010")(0...]
Compiling architecture lut3_v of entity unisim.LUT3 [\LUT3(init="11100010")(0,7)\]
Compiling architecture fdre_v of entity unisim.FDRE [\FDRE(init='1')\]
Compiling architecture lut6_v of entity unisim.LUT6 [\LUT6(init="11111110111010101010...]
Compiling architecture lut6_v of entity unisim.LUT6 [\LUT6(init="10000111011101110111...]
Compiling architecture lut4_v of entity unisim.LUT4 [\LUT4(init="0111100010001000")(0...]
Compiling architecture lut6_v of entity unisim.LUT6 [\LUT6(init="10011001110000110110...]
Compiling architecture lut2_v of entity unisim.LUT2 [\LUT2(init="0111")(0,3)\]
Compiling architecture lut3_v of entity unisim.LUT3 [\LUT3(init="11110111")(0,7)\]
Compiling architecture lut3_v of entity unisim.LUT3 [\LUT3(init="01101010")(0,7)\]
Compiling architecture lut6_v of entity unisim.LUT6 [\LUT6(init="01001111101111111011...]
Compiling architecture lut5_v of entity unisim.LUT5 [\LUT5(init="10010101011010100110...]
Compiling architecture lut5_v of entity unisim.LUT5 [\LUT5(init="10111111001010100010...]
Compiling architecture lut6_v of entity unisim.LUT6 [\LUT6(init="10010101011010100110...]
Compiling architecture lut6_v of entity unisim.LUT6 [\LUT6(init="11111000100010001000...]
Compiling architecture lut5_v of entity unisim.LUT5 [\LUT5(init="10000111011101110111...]
Compiling architecture lut6_v of entity unisim.LUT6 [\LUT6(init="10010101101010101010...]
Compiling architecture lut5_v of entity unisim.LUT5 [\LUT5(init="01101010100101011001...]
Compiling architecture lut5_v of entity unisim.LUT5 [\LUT5(init="11111000100010001000...]
Compiling architecture lut5_v of entity unisim.LUT5 [\LUT5(init="00010111110000001010...]
Compiling architecture lut6_v of entity unisim.LUT6 [\LUT6(init="00101000111111111001...]
Compiling architecture lut3_v of entity unisim.LUT3 [\LUT3(init="00001001")(0,7)\]
Compiling architecture lut5_v of entity unisim.LUT5 [\LUT5(init="10001010101010100000...]
Compiling architecture lut6_v of entity unisim.LUT6 [\LUT6(init="00001111010011001101...]
Compiling architecture lut6_v of entity unisim.LUT6 [\LUT6(init="10110000000000000000...]
Compiling architecture lut5_v of entity unisim.LUT5 [\LUT5(init="01101010000000000000...]
Compiling architecture lut5_v of entity unisim.LUT5 [\LUT5(init="01000000111111110010...]
Compiling architecture lut6_v of entity unisim.LUT6 [\LUT6(init="10010110100110010110...]
Compiling architecture lut6_v of entity unisim.LUT6 [\LUT6(init="01101100110010011100...]
Compiling architecture lut3_v of entity unisim.LUT3 [\LUT3(init="01111110")(0,7)\]
Compiling architecture lut6_v of entity unisim.LUT6 [\LUT6(init="11110000011110000111...]
Compiling architecture lut5_v of entity unisim.LUT5 [\LUT5(init="10000111011110000111...]
Compiling architecture lut4_v of entity unisim.LUT4 [\LUT4(init="0111000000000000")(0...]
Compiling architecture lut5_v of entity unisim.LUT5 [\LUT5(init="10000000111110001111...]
Compiling architecture lut4_v of entity unisim.LUT4 [\LUT4(init="0010111101011111")(0...]
Compiling architecture lut5_v of entity unisim.LUT5 [\LUT5(init="00010100110000110110...]
Compiling architecture lut3_v of entity unisim.LUT3 [\LUT3(init="01100000")(0,7)\]
Compiling architecture structure of entity xil_defaultlib.design_1_AlgM_0_0_AlgM [design_1_algm_0_0_algm_default]
Compiling architecture structure of entity xil_defaultlib.design_1_AlgM_0_0 [design_1_algm_0_0_default]
Compiling architecture lut3_v of entity unisim.LUT3 [\LUT3(init="10101100")(0,7)\]
Compiling architecture lut5_v of entity unisim.LUT5 [\LUT5(init="00000000010000000000...]
Compiling architecture lut2_v of entity unisim.LUT2 [\LUT2(init="0001")(0,3)\]
Compiling architecture lut4_v of entity unisim.LUT4 [\LUT4(init="0010111100000010")(0...]
Compiling architecture lut4_v of entity unisim.LUT4 [\LUT4(init="1001000000001001")(0...]
Compiling architecture lut6_v of entity unisim.LUT6 [\LUT6(init="10101010101011101010...]
Compiling architecture lut4_v of entity unisim.LUT4 [\LUT4(init="0001000000000000")(0...]
Compiling architecture lut5_v of entity unisim.LUT5 [\LUT5(init="00000000000000000000...]
Compiling architecture lut6_v of entity unisim.LUT6 [\LUT6(init="11011111110111111111...]
Compiling architecture lut4_v of entity unisim.LUT4 [\LUT4(init="1111011011110000")(0...]
Compiling architecture lut3_v of entity unisim.LUT3 [\LUT3(init="11111101")(0,7)\]
Compiling architecture lut5_v of entity unisim.LUT5 [\LUT5(init="11111111111111110000...]
Compiling architecture lut5_v of entity unisim.LUT5 [\LUT5(init="00000000000000000000...]
Compiling architecture lut6_v of entity unisim.LUT6 [\LUT6(init="00000100000100000000...]
Compiling architecture lut5_v of entity unisim.LUT5 [\LUT5(init="00000000000000000000...]
Compiling architecture lut5_v of entity unisim.LUT5 [\LUT5(init="00000000000000000000...]
Compiling architecture lut6_v of entity unisim.LUT6 [\LUT6(init="00001000000010000001...]
Compiling architecture lut6_v of entity unisim.LUT6 [\LUT6(init="11111111111100001111...]
Compiling architecture lut6_v of entity unisim.LUT6 [\LUT6(init="11111111111111101111...]
Compiling architecture lut5_v of entity unisim.LUT5 [\LUT5(init="01010000001111111111...]
Compiling architecture lut6_v of entity unisim.LUT6 [\LUT6(init="11111100111111111111...]
Compiling architecture lut4_v of entity unisim.LUT4 [\LUT4(init="0100111101111111")(0...]
Compiling architecture lut6_v of entity unisim.LUT6 [\LUT6(init="00000000001100000000...]
Compiling architecture lut6_v of entity unisim.LUT6 [\LUT6(init="01111011010010001000...]
Compiling architecture lut6_v of entity unisim.LUT6 [\LUT6(init="10000100101101110100...]
Compiling architecture lut5_v of entity unisim.LUT5 [\LUT5(init="11111111101011001010...]
Compiling architecture lut6_v of entity unisim.LUT6 [\LUT6(init="11111111101011111111...]
Compiling architecture lut6_v of entity unisim.LUT6 [\LUT6(init="01010011101011001010...]
Compiling architecture lut6_v of entity unisim.LUT6 [\LUT6(init="10101100010111001010...]
Compiling architecture lut5_v of entity unisim.LUT5 [\LUT5(init="11111011110010001000...]
Compiling architecture lut6_v of entity unisim.LUT6 [\LUT6(init="11111011110010001011...]
Compiling architecture lut4_v of entity unisim.LUT4 [\LUT4(init="1111100010000000")(0...]
Compiling architecture lut6_v of entity unisim.LUT6 [\LUT6(init="11111111101011001010...]
Compiling architecture lut5_v of entity unisim.LUT5 [\LUT5(init="01111000100001111000...]
Compiling architecture lut6_v of entity unisim.LUT6 [\LUT6(init="10101100010100110101...]
Compiling architecture lut4_v of entity unisim.LUT4 [\LUT4(init="0001000000000100")(0...]
Compiling architecture lut3_v of entity unisim.LUT3 [\LUT3(init="01000000")(0,7)\]
Compiling architecture lut3_v of entity unisim.LUT3 [\LUT3(init="10000000")(0,7)\]
Compiling architecture lut4_v of entity unisim.LUT4 [\LUT4(init="1101100000000000")(0...]
Compiling architecture lut4_v of entity unisim.LUT4 [\LUT4(init="1111001000100000")(0...]
Compiling architecture lut5_v of entity unisim.LUT5 [\LUT5(init="01110010001001111000...]
Compiling architecture lut5_v of entity unisim.LUT5 [\LUT5(init="11011000001001110010...]
Compiling architecture lut5_v of entity unisim.LUT5 [\LUT5(init="11010010001011010010...]
Compiling architecture lut6_v of entity unisim.LUT6 [\LUT6(init="10001000110101111101...]
Compiling architecture lut3_v of entity unisim.LUT3 [\LUT3(init="00100000")(0,7)\]
Compiling architecture lut6_v of entity unisim.LUT6 [\LUT6(init="00000000010100110101...]
Compiling architecture lut4_v of entity unisim.LUT4 [\LUT4(init="0011001000100000")(0...]
Compiling architecture lut6_v of entity unisim.LUT6 [\LUT6(init="00100010000100010010...]
Compiling architecture lut5_v of entity unisim.LUT5 [\LUT5(init="11011110111011010010...]
Compiling architecture lut5_v of entity unisim.LUT5 [\LUT5(init="00010010111011011110...]
Compiling architecture lut5_v of entity unisim.LUT5 [\LUT5(init="01110111110110001101...]
Compiling architecture lut6_v of entity unisim.LUT6 [\LUT6(init="00110000001000010000...]
Compiling architecture lut4_v of entity unisim.LUT4 [\LUT4(init="0001011111101000")(0...]
Compiling architecture lut4_v of entity unisim.LUT4 [\LUT4(init="0010100010001000")(0...]
Compiling architecture lut5_v of entity unisim.LUT5 [\LUT5(init="10000010110101110111...]
Compiling architecture lut5_v of entity unisim.LUT5 [\LUT5(init="11010001000111010010...]
Compiling architecture lut6_v of entity unisim.LUT6 [\LUT6(init="00100010001011010010...]
Compiling architecture lut5_v of entity unisim.LUT5 [\LUT5(init="11001101110111110011...]
Compiling architecture lut4_v of entity unisim.LUT4 [\LUT4(init="1010100010000000")(0...]
Compiling architecture lut6_v of entity unisim.LUT6 [\LUT6(init="11110101110101111101...]
Compiling architecture lut5_v of entity unisim.LUT5 [\LUT5(init="00101000110101111101...]
Compiling architecture lut6_v of entity unisim.LUT6 [\LUT6(init="11111000100000000000...]
Compiling architecture lut6_v of entity unisim.LUT6 [\LUT6(init="00011101000111010001...]
Compiling architecture lut6_v of entity unisim.LUT6 [\LUT6(init="11011101110101111101...]
Compiling architecture lut6_v of entity unisim.LUT6 [\LUT6(init="00100111001001110010...]
Compiling architecture lut4_v of entity unisim.LUT4 [\LUT4(init="1110001000000000")(0...]
Compiling architecture lut5_v of entity unisim.LUT5 [\LUT5(init="00100001111011011101...]
Compiling architecture lut5_v of entity unisim.LUT5 [\LUT5(init="11100010000111010001...]
Compiling architecture lut5_v of entity unisim.LUT5 [\LUT5(init="00000010101010000010...]
Compiling architecture lut5_v of entity unisim.LUT5 [\LUT5(init="01111101110101111000...]
Compiling architecture lut6_v of entity unisim.LUT6 [\LUT6(init="00100001001000010010...]
Compiling architecture lut6_v of entity unisim.LUT6 [\LUT6(init="11101101111011011110...]
Compiling architecture lut5_v of entity unisim.LUT5 [\LUT5(init="01010111011111111010...]
Compiling architecture lut3_v of entity unisim.LUT3 [\LUT3(init="01111000")(0,7)\]
Compiling architecture lut5_v of entity unisim.LUT5 [\LUT5(init="01110111001010000010...]
Compiling architecture dsp48e1_v of entity unisim.DSP48E1 [\DSP48E1(alumodereg=0,bcascreg=0...]
Compiling architecture lut5_v of entity unisim.LUT5 [\LUT5(init="00000000000100010001...]
Compiling architecture lut5_v of entity unisim.LUT5 [\LUT5(init="00000000000000000001...]
Compiling architecture lut3_v of entity unisim.LUT3 [\LUT3(init="01001101")(0,7)\]
Compiling architecture lut3_v of entity unisim.LUT3 [\LUT3(init="00101101")(0,7)\]
Compiling architecture lut5_v of entity unisim.LUT5 [\LUT5(init="01001101101100101011...]
Compiling architecture lut5_v of entity unisim.LUT5 [\LUT5(init="10010110100101101001...]
Compiling architecture structure of entity xil_defaultlib.design_1_Correlator_TOF_0_0_Correlator_TOF [design_1_correlator_tof_0_0_corr...]
Compiling architecture structure of entity xil_defaultlib.design_1_Correlator_TOF_0_0 [design_1_correlator_tof_0_0_defa...]
Compiling architecture lut5_v of entity unisim.LUT5 [\LUT5(init="10101110000000001010...]
Compiling architecture structure of entity xil_defaultlib.design_1_PosUpdateLatch_0_0_PosUpdateLatch [design_1_posupdatelatch_0_0_posu...]
Compiling architecture structure of entity xil_defaultlib.design_1_PosUpdateLatch_0_0 [design_1_posupdatelatch_0_0_defa...]
Compiling architecture lut6_v of entity unisim.LUT6 [\LUT6(init="11110111111101110000...]
Compiling architecture lut6_v of entity unisim.LUT6 [\LUT6(init="00000000000000000000...]
Compiling architecture lut3_v of entity unisim.LUT3 [\LUT3(init="10110100")(0,7)\]
Compiling architecture lut5_v of entity unisim.LUT5 [\LUT5(init="11111000111100001111...]
Compiling architecture fdce_v of entity unisim.FDCE [fdce_default]
Compiling architecture lut5_v of entity unisim.LUT5 [\LUT5(init="00111111111111110100...]
Compiling architecture lut5_v of entity unisim.LUT5 [\LUT5(init="01101010101010100010...]
Compiling architecture lut4_v of entity unisim.LUT4 [\LUT4(init="1011111101000000")(0...]
Compiling architecture lut5_v of entity unisim.LUT5 [\LUT5(init="11011111111111110010...]
Compiling architecture lut4_v of entity unisim.LUT4 [\LUT4(init="1111101100001000")(0...]
Compiling architecture lut6_v of entity unisim.LUT6 [\LUT6(init="10101111101000001100...]
Compiling architecture lut5_v of entity unisim.LUT5 [\LUT5(init="00110000101110110011...]
Compiling architecture lut4_v of entity unisim.LUT4 [\LUT4(init="0000010101000000")(0...]
Compiling architecture structure of entity xil_defaultlib.design_1_SPI_subnode_0_0_SPI_subnode [design_1_spi_subnode_0_0_spi_sub...]
Compiling architecture structure of entity xil_defaultlib.design_1_SPI_subnode_0_0 [design_1_spi_subnode_0_0_default]
Compiling architecture lut5_v of entity unisim.LUT5 [\LUT5(init="01101001100101101001...]
Compiling architecture lut6_v of entity unisim.LUT6 [\LUT6(init="10111110111010110011...]
Compiling architecture lut6_v of entity unisim.LUT6 [\LUT6(init="01101001011010011001...]
Compiling architecture lut4_v of entity unisim.LUT4 [\LUT4(init="0000010001001010")(0...]
Compiling architecture lut6_v of entity unisim.LUT6 [\LUT6(init="11101011101111101010...]
Compiling architecture lut5_v of entity unisim.LUT5 [\LUT5(init="01010110011010101010...]
Compiling architecture lut4_v of entity unisim.LUT4 [\LUT4(init="0000000000010111")(0...]
Compiling architecture lut5_v of entity unisim.LUT5 [\LUT5(init="01100110011010010110...]
Compiling architecture lut4_v of entity unisim.LUT4 [\LUT4(init="1001011001101001")(0...]
Compiling architecture lut4_v of entity unisim.LUT4 [\LUT4(init="0101100110011010")(0...]
Compiling architecture lut5_v of entity unisim.LUT5 [\LUT5(init="11100001000111100001...]
Compiling architecture lut4_v of entity unisim.LUT4 [\LUT4(init="1100011001100011")(0...]
Compiling architecture lut6_v of entity unisim.LUT6 [\LUT6(init="11111101110111001100...]
Compiling architecture lut4_v of entity unisim.LUT4 [\LUT4(init="1010011001100101")(0...]
Compiling architecture lut6_v of entity unisim.LUT6 [\LUT6(init="11010010010010110010...]
Compiling architecture lut5_v of entity unisim.LUT5 [\LUT5(init="10011100001110010110...]
Compiling architecture lut5_v of entity unisim.LUT5 [\LUT5(init="10110100010010110010...]
Compiling architecture lut6_v of entity unisim.LUT6 [\LUT6(init="01101001011001100110...]
Compiling architecture lut5_v of entity unisim.LUT5 [\LUT5(init="11011101010011010100...]
Compiling architecture lut6_v of entity unisim.LUT6 [\LUT6(init="10010110011010010110...]
Compiling architecture lut6_v of entity unisim.LUT6 [\LUT6(init="10110010010011010100...]
Compiling architecture lut6_v of entity unisim.LUT6 [\LUT6(init="11010111000101001111...]
Compiling architecture lut5_v of entity unisim.LUT5 [\LUT5(init="11010100001011011101...]
Compiling architecture lut5_v of entity unisim.LUT5 [\LUT5(init="10111101010010111011...]
Compiling architecture lut5_v of entity unisim.LUT5 [\LUT5(init="11011011011001011001...]
Compiling architecture lut5_v of entity unisim.LUT5 [\LUT5(init="10110010010110011010...]
Compiling architecture lut5_v of entity unisim.LUT5 [\LUT5(init="10010110101001011010...]
Compiling architecture lut6_v of entity unisim.LUT6 [\LUT6(init="11010100001010111111...]
Compiling architecture lut6_v of entity unisim.LUT6 [\LUT6(init="11111011101110101010...]
Compiling architecture lut4_v of entity unisim.LUT4 [\LUT4(init="0110101001011001")(0...]
Compiling architecture lut4_v of entity unisim.LUT4 [\LUT4(init="0110010110101001")(0...]
Compiling architecture lut4_v of entity unisim.LUT4 [\LUT4(init="1001010101101010")(0...]
Compiling architecture lut6_v of entity unisim.LUT6 [\LUT6(init="10111101010000100100...]
Compiling architecture lut6_v of entity unisim.LUT6 [\LUT6(init="11001000000100110000...]
Compiling architecture structure of entity xil_defaultlib.design_1_Sample2TOF_0_0_Sample2TOF [design_1_sample2tof_0_0_sample2t...]
Compiling architecture structure of entity xil_defaultlib.design_1_Sample2TOF_0_0 [design_1_sample2tof_0_0_default]
Compiling architecture structure of entity xil_defaultlib.design_1_Shifter_0_0 [design_1_shifter_0_0_default]
Compiling architecture bufg_v of entity unisim.BUFG [bufg_default]
Compiling architecture mmcme2_adv_v of entity unisim.MMCME2_ADV [\MMCME2_ADV(clkfbout_mult_f=9.0,...]
Compiling architecture structure of entity xil_defaultlib.design_1_clk_wiz_0_0_clk_wiz [design_1_clk_wiz_0_0_clk_wiz_def...]
Compiling architecture structure of entity xil_defaultlib.design_1_clk_wiz_0_0 [design_1_clk_wiz_0_0_default]
Compiling architecture gnd_v of entity unisim.GND [gnd_default]
Compiling architecture structure of entity xil_defaultlib.design_1_sat_sel_0_0_Sat_LUT_m [design_1_sat_sel_0_0_sat_lut_m_d...]
Compiling architecture structure of entity xil_defaultlib.design_1_sat_sel_0_0_sat_sel [design_1_sat_sel_0_0_sat_sel_def...]
Compiling architecture structure of entity xil_defaultlib.design_1_sat_sel_0_0 [design_1_sat_sel_0_0_default]
Compiling architecture xadc_v of entity unisim.XADC [\XADC(init_40="0000000000010001"...]
Compiling architecture structure of entity xil_defaultlib.design_1_xadc_wiz_0_0 [design_1_xadc_wiz_0_0_default]
Compiling architecture structure of entity xil_defaultlib.design_1_xpm_cdc_gen_0_0_xpm_cdc_single [design_1_xpm_cdc_gen_0_0_xpm_cdc...]
Compiling architecture structure of entity xil_defaultlib.design_1_xpm_cdc_gen_0_0_xpm_cdc_pulse [design_1_xpm_cdc_gen_0_0_xpm_cdc...]
Compiling architecture structure of entity xil_defaultlib.design_1_xpm_cdc_gen_0_0_xpm_cdc_gen_v1_0_4 [design_1_xpm_cdc_gen_0_0_xpm_cdc...]
Compiling architecture structure of entity xil_defaultlib.design_1_xpm_cdc_gen_0_0 [design_1_xpm_cdc_gen_0_0_default]
Compiling architecture structure of entity xil_defaultlib.design_1 [design_1_default]
Compiling architecture structure of entity xil_defaultlib.design_1_wrapper
Built simulation snapshot design_1_wrapper_func_impl
