INFO: [VRFC 10-163] Analyzing VHDL file "C:/Users/axelo/OneDrive/Skrivebord/NyFPGA/NyFPGA.sim/sim_1/impl/func/xsim/design_1_wrapper_func_impl.vhd" into library xil_defaultlib
INFO: [VRFC 10-3107] analyzing entity 'design_1_Correlator_TOF_0_0_Correlator_TOF'
INFO: [VRFC 10-3107] analyzing entity 'design_1_PosUpdateLatch_0_0_PosUpdateLatch'
INFO: [VRFC 10-3107] analyzing entity 'design_1_SPI_subnode_0_0_SPI_subnode'
INFO: [VRFC 10-3107] analyzing entity 'design_1_Sample2TOF_0_0_Sample2TOF'
INFO: [VRFC 10-3107] analyzing entity 'design_1_Shifter_0_0'
INFO: [VRFC 10-3107] analyzing entity 'design_1_clk_wiz_0_0_clk_wiz'
INFO: [VRFC 10-3107] analyzing entity 'design_1_sat_sel_0_0_Sat_LUT_m'
INFO: [VRFC 10-3107] analyzing entity 'design_1_xadc_wiz_0_0'
INFO: [VRFC 10-3107] analyzing entity 'design_1_xpm_cdc_gen_0_0_xpm_cdc_single'
INFO: [VRFC 10-3107] analyzing entity 'cordic_0_c_addsub_v12_0_18_lut6_legacy'
INFO: [VRFC 10-3107] analyzing entity '\cordic_0_c_addsub_v12_0_18_lut6_legacy__parameterized1\'
INFO: [VRFC 10-3107] analyzing entity '\cordic_0_c_addsub_v12_0_18_lut6_legacy__parameterized11\'
INFO: [VRFC 10-3107] analyzing entity '\cordic_0_c_addsub_v12_0_18_lut6_legacy__parameterized13\'
INFO: [VRFC 10-3107] analyzing entity '\cordic_0_c_addsub_v12_0_18_lut6_legacy__parameterized15\'
INFO: [VRFC 10-3107] analyzing entity '\cordic_0_c_addsub_v12_0_18_lut6_legacy__parameterized17\'
INFO: [VRFC 10-3107] analyzing entity '\cordic_0_c_addsub_v12_0_18_lut6_legacy__parameterized19\'
INFO: [VRFC 10-3107] analyzing entity '\cordic_0_c_addsub_v12_0_18_lut6_legacy__parameterized21\'
INFO: [VRFC 10-3107] analyzing entity '\cordic_0_c_addsub_v12_0_18_lut6_legacy__parameterized23\'
INFO: [VRFC 10-3107] analyzing entity '\cordic_0_c_addsub_v12_0_18_lut6_legacy__parameterized25\'
INFO: [VRFC 10-3107] analyzing entity '\cordic_0_c_addsub_v12_0_18_lut6_legacy__parameterized27\'
INFO: [VRFC 10-3107] analyzing entity '\cordic_0_c_addsub_v12_0_18_lut6_legacy__parameterized29\'
INFO: [VRFC 10-3107] analyzing entity '\cordic_0_c_addsub_v12_0_18_lut6_legacy__parameterized3\'
INFO: [VRFC 10-3107] analyzing entity '\cordic_0_c_addsub_v12_0_18_lut6_legacy__parameterized31\'
INFO: [VRFC 10-3107] analyzing entity '\cordic_0_c_addsub_v12_0_18_lut6_legacy__parameterized33\'
INFO: [VRFC 10-3107] analyzing entity '\cordic_0_c_addsub_v12_0_18_lut6_legacy__parameterized35\'
INFO: [VRFC 10-3107] analyzing entity '\cordic_0_c_addsub_v12_0_18_lut6_legacy__parameterized37\'
INFO: [VRFC 10-3107] analyzing entity '\cordic_0_c_addsub_v12_0_18_lut6_legacy__parameterized39\'
INFO: [VRFC 10-3107] analyzing entity '\cordic_0_c_addsub_v12_0_18_lut6_legacy__parameterized41\'
INFO: [VRFC 10-3107] analyzing entity '\cordic_0_c_addsub_v12_0_18_lut6_legacy__parameterized43\'
INFO: [VRFC 10-3107] analyzing entity '\cordic_0_c_addsub_v12_0_18_lut6_legacy__parameterized5\'
INFO: [VRFC 10-3107] analyzing entity '\cordic_0_c_addsub_v12_0_18_lut6_legacy__parameterized7\'
INFO: [VRFC 10-3107] analyzing entity '\cordic_0_c_addsub_v12_0_18_lut6_legacy__parameterized9\'
INFO: [VRFC 10-3107] analyzing entity '\cordic_0_delay__parameterized1\'
INFO: [VRFC 10-3107] analyzing entity '\cordic_0_delay__parameterized101\'
INFO: [VRFC 10-3107] analyzing entity '\cordic_0_delay__parameterized103\'
INFO: [VRFC 10-3107] analyzing entity '\cordic_0_delay__parameterized11\'
INFO: [VRFC 10-3107] analyzing entity '\cordic_0_delay__parameterized111\'
INFO: [VRFC 10-3107] analyzing entity '\cordic_0_delay__parameterized111_1\'
INFO: [VRFC 10-3107] analyzing entity '\cordic_0_delay__parameterized113\'
INFO: [VRFC 10-3107] analyzing entity '\cordic_0_delay__parameterized113_0\'
INFO: [VRFC 10-3107] analyzing entity '\cordic_0_delay__parameterized11_11\'
INFO: [VRFC 10-3107] analyzing entity '\cordic_0_delay__parameterized17\'
INFO: [VRFC 10-3107] analyzing entity '\cordic_0_delay__parameterized19\'
INFO: [VRFC 10-3107] analyzing entity '\cordic_0_delay__parameterized21\'
INFO: [VRFC 10-3107] analyzing entity '\cordic_0_delay__parameterized23\'
INFO: [VRFC 10-3107] analyzing entity '\cordic_0_delay__parameterized25\'
INFO: [VRFC 10-3107] analyzing entity '\cordic_0_delay__parameterized25_8\'
INFO: [VRFC 10-3107] analyzing entity '\cordic_0_delay__parameterized3\'
INFO: [VRFC 10-3107] analyzing entity '\cordic_0_delay__parameterized31\'
INFO: [VRFC 10-3107] analyzing entity '\cordic_0_delay__parameterized31_9\'
INFO: [VRFC 10-3107] analyzing entity '\cordic_0_delay__parameterized37\'
INFO: [VRFC 10-3107] analyzing entity '\cordic_0_delay__parameterized39\'
INFO: [VRFC 10-3107] analyzing entity '\cordic_0_delay__parameterized41\'
INFO: [VRFC 10-3107] analyzing entity '\cordic_0_delay__parameterized43\'
INFO: [VRFC 10-3107] analyzing entity '\cordic_0_delay__parameterized45\'
INFO: [VRFC 10-3107] analyzing entity '\cordic_0_delay__parameterized45_6\'
INFO: [VRFC 10-3107] analyzing entity '\cordic_0_delay__parameterized5\'
INFO: [VRFC 10-3107] analyzing entity '\cordic_0_delay__parameterized51\'
INFO: [VRFC 10-3107] analyzing entity '\cordic_0_delay__parameterized51_7\'
INFO: [VRFC 10-3107] analyzing entity '\cordic_0_delay__parameterized57\'
INFO: [VRFC 10-3107] analyzing entity '\cordic_0_delay__parameterized59\'
INFO: [VRFC 10-3107] analyzing entity '\cordic_0_delay__parameterized5_10\'
INFO: [VRFC 10-3107] analyzing entity '\cordic_0_delay__parameterized61\'
INFO: [VRFC 10-3107] analyzing entity '\cordic_0_delay__parameterized63\'
INFO: [VRFC 10-3107] analyzing entity '\cordic_0_delay__parameterized65\'
INFO: [VRFC 10-3107] analyzing entity '\cordic_0_delay__parameterized65_4\'
INFO: [VRFC 10-3107] analyzing entity '\cordic_0_delay__parameterized71\'
INFO: [VRFC 10-3107] analyzing entity '\cordic_0_delay__parameterized71_5\'
INFO: [VRFC 10-3107] analyzing entity '\cordic_0_delay__parameterized77\'
INFO: [VRFC 10-3107] analyzing entity '\cordic_0_delay__parameterized79\'
INFO: [VRFC 10-3107] analyzing entity '\cordic_0_delay__parameterized81\'
INFO: [VRFC 10-3107] analyzing entity '\cordic_0_delay__parameterized83\'
INFO: [VRFC 10-3107] analyzing entity '\cordic_0_delay__parameterized85\'
INFO: [VRFC 10-3107] analyzing entity '\cordic_0_delay__parameterized85_2\'
INFO: [VRFC 10-3107] analyzing entity '\cordic_0_delay__parameterized91\'
INFO: [VRFC 10-3107] analyzing entity '\cordic_0_delay__parameterized91_3\'
INFO: [VRFC 10-3107] analyzing entity '\cordic_0_delay__parameterized97\'
INFO: [VRFC 10-3107] analyzing entity '\cordic_0_delay__parameterized99\'
INFO: [VRFC 10-3107] analyzing entity '\cordic_0_delay_bit__parameterized1\'
INFO: [VRFC 10-3107] analyzing entity 'cordic_0_xbip_pipe_v3_0_9_viv'
INFO: [VRFC 10-3107] analyzing entity 'design_1_Correlator_TOF_0_0'
INFO: [VRFC 10-3107] analyzing entity 'design_1_PosUpdateLatch_0_0'
INFO: [VRFC 10-3107] analyzing entity 'design_1_SPI_subnode_0_0'
INFO: [VRFC 10-3107] analyzing entity 'design_1_Sample2TOF_0_0'
INFO: [VRFC 10-3107] analyzing entity 'design_1_clk_wiz_0_0'
INFO: [VRFC 10-3107] analyzing entity 'design_1_sat_sel_0_0_sat_sel'
INFO: [VRFC 10-3107] analyzing entity 'design_1_xpm_cdc_gen_0_0_xpm_cdc_pulse'
INFO: [VRFC 10-3107] analyzing entity 'cordic_0_c_addsub_v12_0_18_fabric_legacy'
INFO: [VRFC 10-3107] analyzing entity '\cordic_0_c_addsub_v12_0_18_fabric_legacy__parameterized1\'
INFO: [VRFC 10-3107] analyzing entity '\cordic_0_c_addsub_v12_0_18_fabric_legacy__parameterized11\'
INFO: [VRFC 10-3107] analyzing entity '\cordic_0_c_addsub_v12_0_18_fabric_legacy__parameterized13\'
INFO: [VRFC 10-3107] analyzing entity '\cordic_0_c_addsub_v12_0_18_fabric_legacy__parameterized15\'
INFO: [VRFC 10-3107] analyzing entity '\cordic_0_c_addsub_v12_0_18_fabric_legacy__parameterized17\'
INFO: [VRFC 10-3107] analyzing entity '\cordic_0_c_addsub_v12_0_18_fabric_legacy__parameterized19\'
INFO: [VRFC 10-3107] analyzing entity '\cordic_0_c_addsub_v12_0_18_fabric_legacy__parameterized21\'
INFO: [VRFC 10-3107] analyzing entity '\cordic_0_c_addsub_v12_0_18_fabric_legacy__parameterized23\'
INFO: [VRFC 10-3107] analyzing entity '\cordic_0_c_addsub_v12_0_18_fabric_legacy__parameterized25\'
INFO: [VRFC 10-3107] analyzing entity '\cordic_0_c_addsub_v12_0_18_fabric_legacy__parameterized27\'
INFO: [VRFC 10-3107] analyzing entity '\cordic_0_c_addsub_v12_0_18_fabric_legacy__parameterized29\'
INFO: [VRFC 10-3107] analyzing entity '\cordic_0_c_addsub_v12_0_18_fabric_legacy__parameterized3\'
INFO: [VRFC 10-3107] analyzing entity '\cordic_0_c_addsub_v12_0_18_fabric_legacy__parameterized31\'
INFO: [VRFC 10-3107] analyzing entity '\cordic_0_c_addsub_v12_0_18_fabric_legacy__parameterized33\'
INFO: [VRFC 10-3107] analyzing entity '\cordic_0_c_addsub_v12_0_18_fabric_legacy__parameterized35\'
INFO: [VRFC 10-3107] analyzing entity '\cordic_0_c_addsub_v12_0_18_fabric_legacy__parameterized37\'
INFO: [VRFC 10-3107] analyzing entity '\cordic_0_c_addsub_v12_0_18_fabric_legacy__parameterized39\'
INFO: [VRFC 10-3107] analyzing entity '\cordic_0_c_addsub_v12_0_18_fabric_legacy__parameterized41\'
INFO: [VRFC 10-3107] analyzing entity '\cordic_0_c_addsub_v12_0_18_fabric_legacy__parameterized43\'
INFO: [VRFC 10-3107] analyzing entity '\cordic_0_c_addsub_v12_0_18_fabric_legacy__parameterized5\'
INFO: [VRFC 10-3107] analyzing entity '\cordic_0_c_addsub_v12_0_18_fabric_legacy__parameterized7\'
INFO: [VRFC 10-3107] analyzing entity '\cordic_0_c_addsub_v12_0_18_fabric_legacy__parameterized9\'
INFO: [VRFC 10-3107] analyzing entity 'design_1_sat_sel_0_0'
INFO: [VRFC 10-3107] analyzing entity 'design_1_xpm_cdc_gen_0_0_xpm_cdc_gen_v1_0_4'
INFO: [VRFC 10-3107] analyzing entity 'cordic_0_c_addsub_v12_0_18_legacy'
INFO: [VRFC 10-3107] analyzing entity '\cordic_0_c_addsub_v12_0_18_legacy__parameterized1\'
INFO: [VRFC 10-3107] analyzing entity '\cordic_0_c_addsub_v12_0_18_legacy__parameterized11\'
INFO: [VRFC 10-3107] analyzing entity '\cordic_0_c_addsub_v12_0_18_legacy__parameterized13\'
INFO: [VRFC 10-3107] analyzing entity '\cordic_0_c_addsub_v12_0_18_legacy__parameterized15\'
INFO: [VRFC 10-3107] analyzing entity '\cordic_0_c_addsub_v12_0_18_legacy__parameterized17\'
INFO: [VRFC 10-3107] analyzing entity '\cordic_0_c_addsub_v12_0_18_legacy__parameterized19\'
INFO: [VRFC 10-3107] analyzing entity '\cordic_0_c_addsub_v12_0_18_legacy__parameterized21\'
INFO: [VRFC 10-3107] analyzing entity '\cordic_0_c_addsub_v12_0_18_legacy__parameterized23\'
INFO: [VRFC 10-3107] analyzing entity '\cordic_0_c_addsub_v12_0_18_legacy__parameterized25\'
INFO: [VRFC 10-3107] analyzing entity '\cordic_0_c_addsub_v12_0_18_legacy__parameterized27\'
INFO: [VRFC 10-3107] analyzing entity '\cordic_0_c_addsub_v12_0_18_legacy__parameterized29\'
INFO: [VRFC 10-3107] analyzing entity '\cordic_0_c_addsub_v12_0_18_legacy__parameterized3\'
INFO: [VRFC 10-3107] analyzing entity '\cordic_0_c_addsub_v12_0_18_legacy__parameterized31\'
INFO: [VRFC 10-3107] analyzing entity '\cordic_0_c_addsub_v12_0_18_legacy__parameterized33\'
INFO: [VRFC 10-3107] analyzing entity '\cordic_0_c_addsub_v12_0_18_legacy__parameterized35\'
INFO: [VRFC 10-3107] analyzing entity '\cordic_0_c_addsub_v12_0_18_legacy__parameterized37\'
INFO: [VRFC 10-3107] analyzing entity '\cordic_0_c_addsub_v12_0_18_legacy__parameterized39\'
INFO: [VRFC 10-3107] analyzing entity '\cordic_0_c_addsub_v12_0_18_legacy__parameterized41\'
INFO: [VRFC 10-3107] analyzing entity '\cordic_0_c_addsub_v12_0_18_legacy__parameterized43\'
INFO: [VRFC 10-3107] analyzing entity '\cordic_0_c_addsub_v12_0_18_legacy__parameterized5\'
INFO: [VRFC 10-3107] analyzing entity '\cordic_0_c_addsub_v12_0_18_legacy__parameterized7\'
INFO: [VRFC 10-3107] analyzing entity '\cordic_0_c_addsub_v12_0_18_legacy__parameterized9\'
INFO: [VRFC 10-3107] analyzing entity 'design_1_xpm_cdc_gen_0_0'
INFO: [VRFC 10-3107] analyzing entity 'cordic_0_c_addsub_v12_0_18_viv'
INFO: [VRFC 10-3107] analyzing entity '\cordic_0_c_addsub_v12_0_18_viv__parameterized1\'
INFO: [VRFC 10-3107] analyzing entity '\cordic_0_c_addsub_v12_0_18_viv__parameterized11\'
INFO: [VRFC 10-3107] analyzing entity '\cordic_0_c_addsub_v12_0_18_viv__parameterized13\'
INFO: [VRFC 10-3107] analyzing entity '\cordic_0_c_addsub_v12_0_18_viv__parameterized15\'
INFO: [VRFC 10-3107] analyzing entity '\cordic_0_c_addsub_v12_0_18_viv__parameterized17\'
INFO: [VRFC 10-3107] analyzing entity '\cordic_0_c_addsub_v12_0_18_viv__parameterized19\'
INFO: [VRFC 10-3107] analyzing entity '\cordic_0_c_addsub_v12_0_18_viv__parameterized21\'
INFO: [VRFC 10-3107] analyzing entity '\cordic_0_c_addsub_v12_0_18_viv__parameterized23\'
INFO: [VRFC 10-3107] analyzing entity '\cordic_0_c_addsub_v12_0_18_viv__parameterized25\'
INFO: [VRFC 10-3107] analyzing entity '\cordic_0_c_addsub_v12_0_18_viv__parameterized27\'
INFO: [VRFC 10-3107] analyzing entity '\cordic_0_c_addsub_v12_0_18_viv__parameterized29\'
INFO: [VRFC 10-3107] analyzing entity '\cordic_0_c_addsub_v12_0_18_viv__parameterized3\'
INFO: [VRFC 10-3107] analyzing entity '\cordic_0_c_addsub_v12_0_18_viv__parameterized31\'
INFO: [VRFC 10-3107] analyzing entity '\cordic_0_c_addsub_v12_0_18_viv__parameterized33\'
INFO: [VRFC 10-3107] analyzing entity '\cordic_0_c_addsub_v12_0_18_viv__parameterized35\'
INFO: [VRFC 10-3107] analyzing entity '\cordic_0_c_addsub_v12_0_18_viv__parameterized37\'
INFO: [VRFC 10-3107] analyzing entity '\cordic_0_c_addsub_v12_0_18_viv__parameterized39\'
INFO: [VRFC 10-3107] analyzing entity '\cordic_0_c_addsub_v12_0_18_viv__parameterized41\'
INFO: [VRFC 10-3107] analyzing entity '\cordic_0_c_addsub_v12_0_18_viv__parameterized43\'
INFO: [VRFC 10-3107] analyzing entity '\cordic_0_c_addsub_v12_0_18_viv__parameterized5\'
INFO: [VRFC 10-3107] analyzing entity '\cordic_0_c_addsub_v12_0_18_viv__parameterized7\'
INFO: [VRFC 10-3107] analyzing entity '\cordic_0_c_addsub_v12_0_18_viv__parameterized9\'
INFO: [VRFC 10-3107] analyzing entity 'cordic_0_addsub'
INFO: [VRFC 10-3107] analyzing entity '\cordic_0_addsub__parameterized1\'
INFO: [VRFC 10-3107] analyzing entity '\cordic_0_addsub__parameterized11\'
INFO: [VRFC 10-3107] analyzing entity '\cordic_0_addsub__parameterized13\'
INFO: [VRFC 10-3107] analyzing entity '\cordic_0_addsub__parameterized15\'
INFO: [VRFC 10-3107] analyzing entity '\cordic_0_addsub__parameterized17\'
INFO: [VRFC 10-3107] analyzing entity '\cordic_0_addsub__parameterized19\'
INFO: [VRFC 10-3107] analyzing entity '\cordic_0_addsub__parameterized21\'
INFO: [VRFC 10-3107] analyzing entity '\cordic_0_addsub__parameterized23\'
INFO: [VRFC 10-3107] analyzing entity '\cordic_0_addsub__parameterized25\'
INFO: [VRFC 10-3107] analyzing entity '\cordic_0_addsub__parameterized27\'
INFO: [VRFC 10-3107] analyzing entity '\cordic_0_addsub__parameterized29\'
INFO: [VRFC 10-3107] analyzing entity '\cordic_0_addsub__parameterized3\'
INFO: [VRFC 10-3107] analyzing entity '\cordic_0_addsub__parameterized31\'
INFO: [VRFC 10-3107] analyzing entity '\cordic_0_addsub__parameterized33\'
INFO: [VRFC 10-3107] analyzing entity '\cordic_0_addsub__parameterized35\'
INFO: [VRFC 10-3107] analyzing entity '\cordic_0_addsub__parameterized37\'
INFO: [VRFC 10-3107] analyzing entity '\cordic_0_addsub__parameterized39\'
INFO: [VRFC 10-3107] analyzing entity '\cordic_0_addsub__parameterized41\'
INFO: [VRFC 10-3107] analyzing entity '\cordic_0_addsub__parameterized43\'
INFO: [VRFC 10-3107] analyzing entity '\cordic_0_addsub__parameterized5\'
INFO: [VRFC 10-3107] analyzing entity '\cordic_0_addsub__parameterized7\'
INFO: [VRFC 10-3107] analyzing entity '\cordic_0_addsub__parameterized9\'
INFO: [VRFC 10-3107] analyzing entity 'cordic_0_cordic_sqrt_mod'
INFO: [VRFC 10-3107] analyzing entity '\cordic_0_cordic_sqrt_mod__parameterized1\'
INFO: [VRFC 10-3107] analyzing entity '\cordic_0_cordic_sqrt_mod__parameterized11\'
INFO: [VRFC 10-3107] analyzing entity '\cordic_0_cordic_sqrt_mod__parameterized13\'
INFO: [VRFC 10-3107] analyzing entity '\cordic_0_cordic_sqrt_mod__parameterized15\'
INFO: [VRFC 10-3107] analyzing entity '\cordic_0_cordic_sqrt_mod__parameterized17\'
INFO: [VRFC 10-3107] analyzing entity '\cordic_0_cordic_sqrt_mod__parameterized19\'
INFO: [VRFC 10-3107] analyzing entity '\cordic_0_cordic_sqrt_mod__parameterized21\'
INFO: [VRFC 10-3107] analyzing entity '\cordic_0_cordic_sqrt_mod__parameterized23\'
INFO: [VRFC 10-3107] analyzing entity '\cordic_0_cordic_sqrt_mod__parameterized25\'
INFO: [VRFC 10-3107] analyzing entity '\cordic_0_cordic_sqrt_mod__parameterized27\'
INFO: [VRFC 10-3107] analyzing entity '\cordic_0_cordic_sqrt_mod__parameterized29\'
INFO: [VRFC 10-3107] analyzing entity '\cordic_0_cordic_sqrt_mod__parameterized3\'
INFO: [VRFC 10-3107] analyzing entity '\cordic_0_cordic_sqrt_mod__parameterized31\'
INFO: [VRFC 10-3107] analyzing entity '\cordic_0_cordic_sqrt_mod__parameterized33\'
INFO: [VRFC 10-3107] analyzing entity '\cordic_0_cordic_sqrt_mod__parameterized35\'
INFO: [VRFC 10-3107] analyzing entity '\cordic_0_cordic_sqrt_mod__parameterized37\'
INFO: [VRFC 10-3107] analyzing entity '\cordic_0_cordic_sqrt_mod__parameterized39\'
INFO: [VRFC 10-3107] analyzing entity '\cordic_0_cordic_sqrt_mod__parameterized41\'
INFO: [VRFC 10-3107] analyzing entity '\cordic_0_cordic_sqrt_mod__parameterized43\'
INFO: [VRFC 10-3107] analyzing entity '\cordic_0_cordic_sqrt_mod__parameterized5\'
INFO: [VRFC 10-3107] analyzing entity '\cordic_0_cordic_sqrt_mod__parameterized7\'
INFO: [VRFC 10-3107] analyzing entity '\cordic_0_cordic_sqrt_mod__parameterized9\'
INFO: [VRFC 10-3107] analyzing entity 'cordic_0_cordic_sqrt'
INFO: [VRFC 10-3107] analyzing entity 'cordic_0_cordic_v6_0_22_synth'
INFO: [VRFC 10-3107] analyzing entity 'cordic_0_cordic_v6_0_22_viv'
INFO: [VRFC 10-3107] analyzing entity 'cordic_0_cordic_v6_0_22'
INFO: [VRFC 10-3107] analyzing entity 'cordic_0'
INFO: [VRFC 10-3107] analyzing entity 'design_1_AlgM_0_0_AlgM'
INFO: [VRFC 10-3107] analyzing entity 'design_1_AlgM_0_0'
INFO: [VRFC 10-3107] analyzing entity 'design_1'
INFO: [VRFC 10-3107] analyzing entity 'design_1_wrapper'
